"../../../Engine/Content/EditorResources/S_Actor.ubulk" 0
"../../../Engine/Content/EditorResources/S_Actor.uasset" 1
"../../../Engine/Content/EditorResources/S_Actor.uexp" 2
"../../../Engine/Content/EditorResources/S_BoxReflectionCapture.uasset" 3
"../../../Engine/Content/EditorResources/S_BoxReflectionCapture.uexp" 4
"../../../Engine/Content/EngineResources/DefaultTextureCube.uasset" 5
"../../../Engine/Content/EngineResources/DefaultTextureCube.uexp" 6
"../../../Engine/Content/EngineResources/DefaultVolumeTexture2D.uasset" 7
"../../../Engine/Content/EngineResources/DefaultVolumeTexture2D.uexp" 8
"../../../Engine/Content/EngineResources/DefaultVolumeTexture.uasset" 9
"../../../Engine/Content/EngineResources/DefaultVolumeTexture.uexp" 10
"../../../Engine/Content/EditorResources/S_Trigger.ubulk" 11
"../../../Engine/Content/EditorResources/S_Trigger.uasset" 12
"../../../Engine/Content/EditorResources/S_Trigger.uexp" 13
"../../../Engine/Content/EditorResources/S_TriggerBox.uasset" 14
"../../../Engine/Content/EditorResources/S_TriggerBox.uexp" 15
"../../../Engine/Content/EditorResources/S_TriggerCapsule.uasset" 16
"../../../Engine/Content/EditorResources/S_TriggerCapsule.uexp" 17
"../../../Engine/Content/EditorResources/S_TriggerSphere.uasset" 18
"../../../Engine/Content/EditorResources/S_TriggerSphere.uexp" 19
"../../../Engine/Content/EngineMeshes/Sphere.ubulk" 20
"../../../Engine/Content/EngineMeshes/Sphere.uasset" 21
"../../../Engine/Content/EngineMeshes/Sphere.uexp" 22
"../../../Engine/Content/EngineResources/GradientTexture0.uasset" 23
"../../../Engine/Content/EngineResources/GradientTexture0.uexp" 24
"../../../Engine/Content/EngineResources/Black.uasset" 25
"../../../Engine/Content/EngineResources/Black.uexp" 26
"../../../Engine/Content/VREditor/LaserPointer/VR_LaserPower_01.ubulk" 27
"../../../Engine/Content/VREditor/LaserPointer/VR_LaserPower_01.uasset" 28
"../../../Engine/Content/VREditor/LaserPointer/VR_LaserPower_01.uexp" 29
"../../../Engine/Content/VREditor/TransformGizmo/TransformGizmoMaterial.uasset" 30
"../../../Engine/Content/VREditor/TransformGizmo/TransformGizmoMaterial.uexp" 31
"../../../Engine/Content/VREditor/TransformGizmo/TranslucentTransformGizmoMaterial.uasset" 32
"../../../Engine/Content/VREditor/TransformGizmo/TranslucentTransformGizmoMaterial.uexp" 33
"../../../Engine/Content/VREditor/TransformGizmo/BoundingBoxCorner.ubulk" 34
"../../../Engine/Content/VREditor/TransformGizmo/BoundingBoxCorner.uasset" 35
"../../../Engine/Content/VREditor/TransformGizmo/BoundingBoxCorner.uexp" 36
"../../../Engine/Content/VREditor/TransformGizmo/BoundingBoxEdge.ubulk" 37
"../../../Engine/Content/VREditor/TransformGizmo/BoundingBoxEdge.uasset" 38
"../../../Engine/Content/VREditor/TransformGizmo/BoundingBoxEdge.uexp" 39
"../../../Engine/Content/VREditor/TransformGizmo/Main.uasset" 40
"../../../Engine/Content/VREditor/TransformGizmo/Main.uexp" 41
"../../../Engine/Content/VREditor/TransformGizmo/Xray.uasset" 42
"../../../Engine/Content/VREditor/TransformGizmo/Xray.uexp" 43
"../../../Engine/Content/VREditor/TransformGizmo/SM_Sequencer_Node.ubulk" 44
"../../../Engine/Content/VREditor/TransformGizmo/SM_Sequencer_Node.uasset" 45
"../../../Engine/Content/VREditor/TransformGizmo/SM_Sequencer_Node.uexp" 46
"../../../Engine/Content/EditorResources/S_Solver.ubulk" 47
"../../../Engine/Content/EditorResources/S_Solver.uasset" 48
"../../../Engine/Content/EditorResources/S_Solver.uexp" 49
"../../../Engine/Content/EditorMaterials/Camera/CineMat.uasset" 50
"../../../Engine/Content/EditorMaterials/Camera/CineMat.uexp" 51
"../../../Engine/Content/EditorMaterials/Camera/MI_CineMat_Rig.uasset" 52
"../../../Engine/Content/EditorMaterials/Camera/MI_CineMat_Rig.uexp" 53
"../../../Engine/Content/EditorMeshes/Camera/SM_CraneRig_Base.ubulk" 54
"../../../Engine/Content/EditorMeshes/Camera/SM_CraneRig_Base.uasset" 55
"../../../Engine/Content/EditorMeshes/Camera/SM_CraneRig_Base.uexp" 56
"../../../Engine/Content/EditorMeshes/Camera/SM_CraneRig_Arm.ubulk" 57
"../../../Engine/Content/EditorMeshes/Camera/SM_CraneRig_Arm.uasset" 58
"../../../Engine/Content/EditorMeshes/Camera/SM_CraneRig_Arm.uexp" 59
"../../../Engine/Content/EditorMeshes/Camera/SM_CraneRig_Mount.ubulk" 60
"../../../Engine/Content/EditorMeshes/Camera/SM_CraneRig_Mount.uasset" 61
"../../../Engine/Content/EditorMeshes/Camera/SM_CraneRig_Mount.uexp" 62
"../../../Engine/Content/EditorMeshes/Camera/SM_CraneRig_Body.ubulk" 63
"../../../Engine/Content/EditorMeshes/Camera/SM_CraneRig_Body.uasset" 64
"../../../Engine/Content/EditorMeshes/Camera/SM_CraneRig_Body.uexp" 65
"../../../Engine/Content/EditorMeshes/Camera/SM_RailRig_Track.ubulk" 66
"../../../Engine/Content/EditorMeshes/Camera/SM_RailRig_Track.uasset" 67
"../../../Engine/Content/EditorMeshes/Camera/SM_RailRig_Track.uexp" 68
"../../../Engine/Content/EditorMeshes/Camera/SM_RailRig_Mount.ubulk" 69
"../../../Engine/Content/EditorMeshes/Camera/SM_RailRig_Mount.uasset" 70
"../../../Engine/Content/EditorMeshes/Camera/SM_RailRig_Mount.uexp" 71
"../../../Engine/Content/EngineMaterials/T_Default_Material_Grid_M.ubulk" 72
"../../../Engine/Content/EngineMaterials/T_Default_Material_Grid_M.uasset" 73
"../../../Engine/Content/EngineMaterials/T_Default_Material_Grid_M.uexp" 74
"../../../Engine/Content/EngineMaterials/T_Default_Material_Grid_N.ubulk" 75
"../../../Engine/Content/EngineMaterials/T_Default_Material_Grid_N.uasset" 76
"../../../Engine/Content/EngineMaterials/T_Default_Material_Grid_N.uexp" 77
"../../../Engine/Content/Functions/Engine_MaterialFunctions01/Opacity/CameraDepthFade.uasset" 78
"../../../Engine/Content/Functions/Engine_MaterialFunctions01/Opacity/CameraDepthFade.uexp" 79
"../../../Engine/Content/EngineMaterials/WorldGridMaterial.uasset" 80
"../../../Engine/Content/EngineMaterials/WorldGridMaterial.uexp" 81
"../../../Engine/Content/ArtTools/RenderToTexture/Meshes/S_1_Unit_Plane.ubulk" 82
"../../../Engine/Content/ArtTools/RenderToTexture/Meshes/S_1_Unit_Plane.uasset" 83
"../../../Engine/Content/ArtTools/RenderToTexture/Meshes/S_1_Unit_Plane.uexp" 84
"../../../Engine/Content/EditorMaterials/ParticleSystems/PSysThumbnail_NoImage.ubulk" 85
"../../../Engine/Content/EditorMaterials/ParticleSystems/PSysThumbnail_NoImage.uasset" 86
"../../../Engine/Content/EditorMaterials/ParticleSystems/PSysThumbnail_NoImage.uexp" 87
"../../../Engine/Content/EditorMaterials/ParticleSystems/PSysThumbnail_OOD.ubulk" 88
"../../../Engine/Content/EditorMaterials/ParticleSystems/PSysThumbnail_OOD.uasset" 89
"../../../Engine/Content/EditorMaterials/ParticleSystems/PSysThumbnail_OOD.uexp" 90
"../../../Engine/Content/EditorLandscapeResources/SplineEditorMeshMat.uasset" 91
"../../../Engine/Content/EditorLandscapeResources/SplineEditorMeshMat.uexp" 92
"../../../Engine/Content/EditorLandscapeResources/SplineEditorMesh.ubulk" 93
"../../../Engine/Content/EditorLandscapeResources/SplineEditorMesh.uasset" 94
"../../../Engine/Content/EditorLandscapeResources/SplineEditorMesh.uexp" 95
"../../../Engine/Plugins/Media/MediaPlate/Content/SM_MediaPlateScreen.ubulk" 96
"../../../Engine/Plugins/Media/MediaPlate/Content/SM_MediaPlateScreen.uasset" 97
"../../../Engine/Plugins/Media/MediaPlate/Content/SM_MediaPlateScreen.uexp" 98
"../../../Engine/Content/EngineMaterials/DefaultBokeh.uasset" 99
"../../../Engine/Content/EngineMaterials/DefaultBokeh.uexp" 100
"../../../Engine/Content/EngineMaterials/MiniFont.uasset" 101
"../../../Engine/Content/EngineMaterials/MiniFont.uexp" 102
"../../../Engine/Content/EngineMaterials/WeightMapPlaceholderTexture.uasset" 103
"../../../Engine/Content/EngineMaterials/WeightMapPlaceholderTexture.uexp" 104
"../../../Engine/Content/EngineMaterials/WeightMapArrayPlaceholderTexture.uasset" 105
"../../../Engine/Content/EngineMaterials/WeightMapArrayPlaceholderTexture.uexp" 106
"../../../Engine/Content/EngineMaterials/DefaultWhiteGrid.ubulk" 107
"../../../Engine/Content/EngineMaterials/DefaultWhiteGrid.uasset" 108
"../../../Engine/Content/EngineMaterials/DefaultWhiteGrid.uexp" 109
"../../../Engine/Content/EngineMaterials/PreintegratedSkinBRDF.uasset" 110
"../../../Engine/Content/EngineMaterials/PreintegratedSkinBRDF.uexp" 111
"../../../Engine/Content/Functions/Engine_MaterialFunctions02/WorldPositionOffset/CameraOffset.uasset" 112
"../../../Engine/Content/Functions/Engine_MaterialFunctions02/WorldPositionOffset/CameraOffset.uexp" 113
"../../../Engine/Plugins/Animation/ControlRig/Content/M_Manip.uasset" 114
"../../../Engine/Plugins/Animation/ControlRig/Content/M_Manip.uexp" 115
"../../../Engine/Plugins/Animation/ACLPlugin/Content/ACLAnimCurveCompressionSettings.uasset" 116
"../../../Engine/Plugins/Animation/ACLPlugin/Content/ACLAnimCurveCompressionSettings.uexp" 117
"../../../Engine/Plugins/Animation/ACLPlugin/Content/ACLAnimBoneCompressionSettings.uasset" 118
"../../../Engine/Plugins/Animation/ACLPlugin/Content/ACLAnimBoneCompressionSettings.uexp" 119
"../../../Engine/Plugins/2D/Paper2D/Content/PlaceholderTextures/DummySpriteTexture.ubulk" 120
"../../../Engine/Plugins/2D/Paper2D/Content/PlaceholderTextures/DummySpriteTexture.uasset" 121
"../../../Engine/Plugins/2D/Paper2D/Content/PlaceholderTextures/DummySpriteTexture.uexp" 122
"../../../Engine/Plugins/2D/Paper2D/Content/DefaultSpriteMaterial.uasset" 123
"../../../Engine/Plugins/2D/Paper2D/Content/DefaultSpriteMaterial.uexp" 124
"../../../Engine/Plugins/2D/Paper2D/Content/OpaqueUnlitSpriteMaterial.uasset" 125
"../../../Engine/Plugins/2D/Paper2D/Content/OpaqueUnlitSpriteMaterial.uexp" 126
"../../../Engine/Plugins/2D/Paper2D/Content/MaskedUnlitSpriteMaterial.uasset" 127
"../../../Engine/Plugins/2D/Paper2D/Content/MaskedUnlitSpriteMaterial.uexp" 128
"../../../Engine/Plugins/2D/Paper2D/Content/DummySprite.uasset" 129
"../../../Engine/Plugins/2D/Paper2D/Content/DummySprite.uexp" 130
"../../../Engine/Plugins/2D/Paper2D/Content/DefaultPaperTerrainMaterial.uasset" 131
"../../../Engine/Plugins/2D/Paper2D/Content/DefaultPaperTerrainMaterial.uexp" 132
"../../../Engine/Plugins/Runtime/MeshModelingToolset/Content/Materials/M_DynamicMeshComponentVtxColor.uasset" 133
"../../../Engine/Plugins/Runtime/MeshModelingToolset/Content/Materials/M_DynamicMeshComponentVtxColor.uexp" 134
"../../../Engine/Plugins/Interchange/Runtime/Content/Pipelines/DefaultTexturePipeline.uasset" 135
"../../../Engine/Plugins/Interchange/Runtime/Content/Pipelines/DefaultTexturePipeline.uexp" 136
"../../../Engine/Plugins/Interchange/Runtime/Content/Pipelines/DefaultSceneLevelPipeline.uasset" 137
"../../../Engine/Plugins/Interchange/Runtime/Content/Pipelines/DefaultSceneLevelPipeline.uexp" 138
"../../../Engine/Plugins/Interchange/Runtime/Content/Pipelines/DefaultSceneAssetsPipeline.uasset" 139
"../../../Engine/Plugins/Interchange/Runtime/Content/Pipelines/DefaultSceneAssetsPipeline.uexp" 140
"../../../Engine/Plugins/Interchange/Runtime/Content/Pipelines/DefaultMaterialXPipeline.uasset" 141
"../../../Engine/Plugins/Interchange/Runtime/Content/Pipelines/DefaultMaterialXPipeline.uexp" 142
"../../../Engine/Plugins/Interchange/Runtime/Content/Pipelines/DefaultMaterialPipeline.uasset" 143
"../../../Engine/Plugins/Interchange/Runtime/Content/Pipelines/DefaultMaterialPipeline.uexp" 144
"../../../Engine/Plugins/Interchange/Runtime/Content/Pipelines/DefaultGLTFSceneAssetsPipeline.uasset" 145
"../../../Engine/Plugins/Interchange/Runtime/Content/Pipelines/DefaultGLTFSceneAssetsPipeline.uexp" 146
"../../../Engine/Plugins/Interchange/Runtime/Content/Pipelines/DefaultGLTFPipeline.uasset" 147
"../../../Engine/Plugins/Interchange/Runtime/Content/Pipelines/DefaultGLTFPipeline.uexp" 148
"../../../Engine/Plugins/Interchange/Runtime/Content/Pipelines/DefaultGLTFAssetsPipeline.uasset" 149
"../../../Engine/Plugins/Interchange/Runtime/Content/Pipelines/DefaultGLTFAssetsPipeline.uexp" 150
"../../../Engine/Plugins/Interchange/Runtime/Content/Pipelines/DefaultAssetsPipeline.uasset" 151
"../../../Engine/Plugins/Interchange/Runtime/Content/Pipelines/DefaultAssetsPipeline.uexp" 152
"../../../Engine/Plugins/Interchange/Runtime/Content/Functions/MX_UsdPreviewSurface.uasset" 153
"../../../Engine/Plugins/Interchange/Runtime/Content/Functions/MX_UsdPreviewSurface.uexp" 154
"../../../Engine/Plugins/Interchange/Runtime/Content/Functions/MX_UniformEDF.uasset" 155
"../../../Engine/Plugins/Interchange/Runtime/Content/Functions/MX_UniformEDF.uexp" 156
"../../../Engine/Plugins/Interchange/Runtime/Content/Functions/MX_TranslucentBSDF.uasset" 157
"../../../Engine/Plugins/Interchange/Runtime/Content/Functions/MX_TranslucentBSDF.uexp" 158
"../../../Engine/Plugins/Interchange/Runtime/Content/Functions/MX_ThinFilmBSDF.uasset" 159
"../../../Engine/Plugins/Interchange/Runtime/Content/Functions/MX_ThinFilmBSDF.uexp" 160
"../../../Engine/Plugins/Interchange/Runtime/Content/Functions/MX_SurfaceUnlit.uasset" 161
"../../../Engine/Plugins/Interchange/Runtime/Content/Functions/MX_SurfaceUnlit.uexp" 162
"../../../Engine/Plugins/Interchange/Runtime/Content/Functions/MX_Surface.uasset" 163
"../../../Engine/Plugins/Interchange/Runtime/Content/Functions/MX_Surface.uexp" 164
"../../../Engine/Plugins/Interchange/Runtime/Content/Functions/MX_SubsurfaceBSDF.uasset" 165
"../../../Engine/Plugins/Interchange/Runtime/Content/Functions/MX_SubsurfaceBSDF.uexp" 166
"../../../Engine/Plugins/Interchange/Runtime/Content/Functions/MX_SheenBSDF.uasset" 167
"../../../Engine/Plugins/Interchange/Runtime/Content/Functions/MX_SheenBSDF.uexp" 168
"../../../Engine/Plugins/Interchange/Runtime/Content/Functions/MX_OrenNayarBSDF.uasset" 169
"../../../Engine/Plugins/Interchange/Runtime/Content/Functions/MX_OrenNayarBSDF.uexp" 170
"../../../Engine/Content/Functions/Engine_MaterialFunctions02/Utility/CameraDirectionVector.uasset" 171
"../../../Engine/Content/Functions/Engine_MaterialFunctions02/Utility/CameraDirectionVector.uexp" 172
"../../../Engine/Content/Functions/Engine_MaterialFunctions01/Volumetrics/BeersLaw.uasset" 173
"../../../Engine/Content/Functions/Engine_MaterialFunctions01/Volumetrics/BeersLaw.uexp" 174
"../../../Engine/Content/EngineMaterials/Good64x64TilingNoiseHighFreq.uasset" 175
"../../../Engine/Content/EngineMaterials/Good64x64TilingNoiseHighFreq.uexp" 176
"../../../Engine/Content/Functions/Engine_MaterialFunctions02/Texturing/ScreenAlignedPixelToPixelUVs.uasset" 177
"../../../Engine/Content/Functions/Engine_MaterialFunctions02/Texturing/ScreenAlignedPixelToPixelUVs.uexp" 178
"../../../Engine/Plugins/Interchange/Runtime/Content/gltf/MaterialFunctions/MF_Temporal_Blur.uasset" 179
"../../../Engine/Plugins/Interchange/Runtime/Content/gltf/MaterialFunctions/MF_Temporal_Blur.uexp" 180
"../../../Engine/Plugins/Interchange/Runtime/Content/gltf/MaterialFunctions/MF_Fresnel_DS.uasset" 181
"../../../Engine/Plugins/Interchange/Runtime/Content/gltf/MaterialFunctions/MF_Fresnel_DS.uexp" 182
"../../../Engine/Content/Functions/Engine_MaterialFunctions02/Utility/BreakOutFloat3Components.uasset" 183
"../../../Engine/Content/Functions/Engine_MaterialFunctions02/Utility/BreakOutFloat3Components.uexp" 184
"../../../Engine/Plugins/Interchange/Runtime/Content/Functions/MX_Transmission.uasset" 185
"../../../Engine/Plugins/Interchange/Runtime/Content/Functions/MX_Transmission.uexp" 186
"../../../Engine/Plugins/Interchange/Runtime/Content/Functions/MF_OrenNayerView.uasset" 187
"../../../Engine/Plugins/Interchange/Runtime/Content/Functions/MF_OrenNayerView.uexp" 188
"../../../Engine/Plugins/Interchange/Runtime/Content/Functions/MF_SchlickApprox.uasset" 189
"../../../Engine/Plugins/Interchange/Runtime/Content/Functions/MF_SchlickApprox.uexp" 190
"../../../Engine/Plugins/Interchange/Runtime/Content/Utilities/New_LUT.uasset" 191
"../../../Engine/Plugins/Interchange/Runtime/Content/Utilities/New_LUT.uexp" 192
"../../../Engine/Content/Functions/Engine_MaterialFunctions03/Math/RemapValueRange.uasset" 193
"../../../Engine/Content/Functions/Engine_MaterialFunctions03/Math/RemapValueRange.uexp" 194
"../../../Engine/Plugins/Interchange/Runtime/Content/Functions/MF_Iridescence.uasset" 195
"../../../Engine/Plugins/Interchange/Runtime/Content/Functions/MF_Iridescence.uexp" 196
"../../../Engine/Plugins/Interchange/Runtime/Content/Functions/MX_StandardSurface.uasset" 197
"../../../Engine/Plugins/Interchange/Runtime/Content/Functions/MX_StandardSurface.uexp" 198
"../../../Engine/Plugins/Interchange/Runtime/Content/Functions/MX_TransmissionSurface.uasset" 199
"../../../Engine/Plugins/Interchange/Runtime/Content/Functions/MX_TransmissionSurface.uexp" 200
"../../../Engine/Plugins/Interchange/Runtime/Content/Functions/MX_OpenPBR_Translucent.uasset" 201
"../../../Engine/Plugins/Interchange/Runtime/Content/Functions/MX_OpenPBR_Translucent.uexp" 202
"../../../Engine/Plugins/Interchange/Runtime/Content/Functions/MX_OpenPBR_Opaque.uasset" 203
"../../../Engine/Plugins/Interchange/Runtime/Content/Functions/MX_OpenPBR_Opaque.uexp" 204
"../../../Engine/Plugins/Interchange/Runtime/Content/Functions/MX_MeasuredEDF.uasset" 205
"../../../Engine/Plugins/Interchange/Runtime/Content/Functions/MX_MeasuredEDF.uexp" 206
"../../../Engine/Plugins/Interchange/Runtime/Content/Functions/MX_GeneralizedSchlickBSDF.uasset" 207
"../../../Engine/Plugins/Interchange/Runtime/Content/Functions/MX_GeneralizedSchlickBSDF.uexp" 208
"../../../Engine/Plugins/Interchange/Runtime/Content/Functions/MX_DielectricBSDF.uasset" 209
"../../../Engine/Plugins/Interchange/Runtime/Content/Functions/MX_DielectricBSDF.uexp" 210
"../../../Engine/Plugins/Interchange/Runtime/Content/Functions/MX_ConicalEDF.uasset" 211
"../../../Engine/Plugins/Interchange/Runtime/Content/Functions/MX_ConicalEDF.uexp" 212
"../../../Engine/Plugins/Interchange/Runtime/Content/Functions/MX_ConductorBSDF.uasset" 213
"../../../Engine/Plugins/Interchange/Runtime/Content/Functions/MX_ConductorBSDF.uexp" 214
"../../../Engine/Plugins/Interchange/Runtime/Content/Functions/MX_BurleyDiffuseBSDF.uasset" 215
"../../../Engine/Plugins/Interchange/Runtime/Content/Functions/MX_BurleyDiffuseBSDF.uexp" 216
"../../../Engine/Plugins/Interchange/Runtime/Content/Functions/MX_AnisotropicVDF.uasset" 217
"../../../Engine/Plugins/Interchange/Runtime/Content/Functions/MX_AnisotropicVDF.uexp" 218
"../../../Engine/Plugins/Interchange/Runtime/Content/Functions/MX_AbsorptionVDF.uasset" 219
"../../../Engine/Plugins/Interchange/Runtime/Content/Functions/MX_AbsorptionVDF.uexp" 220
"../../../Engine/Plugins/Editor/SpeedTreeImporter/Content/SpeedTree9/game_wind_noise.ubulk" 221
"../../../Engine/Plugins/Editor/SpeedTreeImporter/Content/SpeedTree9/game_wind_noise.uasset" 222
"../../../Engine/Plugins/Editor/SpeedTreeImporter/Content/SpeedTree9/game_wind_noise.uexp" 223
"../../../Engine/Plugins/Editor/SpeedTreeImporter/Content/SpeedTree9/UnpackDirection.uasset" 224
"../../../Engine/Plugins/Editor/SpeedTreeImporter/Content/SpeedTree9/UnpackDirection.uexp" 225
"../../../Engine/Content/Functions/Engine_MaterialFunctions02/ObjectLocalBounds.uasset" 226
"../../../Engine/Content/Functions/Engine_MaterialFunctions02/ObjectLocalBounds.uexp" 227
"../../../Engine/Content/Functions/Engine_MaterialFunctions02/UVs/BoundingBoxBased_0-1_UVW.uasset" 228
"../../../Engine/Content/Functions/Engine_MaterialFunctions02/UVs/BoundingBoxBased_0-1_UVW.uexp" 229
"../../../Engine/Content/Functions/Engine_MaterialFunctions02/Utility/VectorLength.uasset" 230
"../../../Engine/Content/Functions/Engine_MaterialFunctions02/Utility/VectorLength.uexp" 231
"../../../Engine/Plugins/Editor/SpeedTreeImporter/Content/SpeedTree9/UnpackInteger3.uasset" 232
"../../../Engine/Plugins/Editor/SpeedTreeImporter/Content/SpeedTree9/UnpackInteger3.uexp" 233
"../../../Engine/Plugins/Editor/SpeedTreeImporter/Content/SpeedTree9/SpeedTreeCameraFacing.uasset" 234
"../../../Engine/Plugins/Editor/SpeedTreeImporter/Content/SpeedTree9/SpeedTreeCameraFacing.uexp" 235
"../../../Engine/Content/Functions/Engine_MaterialFunctions02/WorldPositionOffset/ObjectScale.uasset" 236
"../../../Engine/Content/Functions/Engine_MaterialFunctions02/WorldPositionOffset/ObjectScale.uexp" 237
"../../../Engine/Content/Functions/Engine_MaterialFunctions02/SafeNormalize.uasset" 238
"../../../Engine/Content/Functions/Engine_MaterialFunctions02/SafeNormalize.uexp" 239
"../../../Engine/Plugins/Editor/SpeedTreeImporter/Content/SpeedTree9/SpeedTreeWindMotion.uasset" 240
"../../../Engine/Plugins/Editor/SpeedTreeImporter/Content/SpeedTree9/SpeedTreeWindMotion.uexp" 241
"../../../Engine/Plugins/Editor/SpeedTreeImporter/Content/SpeedTree9/SpeedTreeBranchMotion.uasset" 242
"../../../Engine/Plugins/Editor/SpeedTreeImporter/Content/SpeedTree9/SpeedTreeBranchMotion.uexp" 243
"../../../Engine/Plugins/Editor/SpeedTreeImporter/Content/SpeedTree9/SpeedTreeWind.uasset" 244
"../../../Engine/Plugins/Editor/SpeedTreeImporter/Content/SpeedTree9/SpeedTreeWind.uexp" 245
"../../../Engine/Plugins/Editor/SpeedTreeImporter/Content/SpeedTree9/EmptyNormal.uasset" 246
"../../../Engine/Plugins/Editor/SpeedTreeImporter/Content/SpeedTree9/EmptyNormal.uexp" 247
"../../../Engine/Plugins/Editor/SpeedTreeImporter/Content/SpeedTree9/Empty.uasset" 248
"../../../Engine/Plugins/Editor/SpeedTreeImporter/Content/SpeedTree9/Empty.uexp" 249
"../../../Engine/Plugins/Editor/SpeedTreeImporter/Content/SpeedTree9/SpeedTreeMaster.uasset" 250
"../../../Engine/Plugins/Editor/SpeedTreeImporter/Content/SpeedTree9/SpeedTreeMaster.uexp" 251
"../../../Engine/Plugins/Editor/SpeedTreeImporter/Content/SpeedTree9/SpeedTreeBillboard.uasset" 252
"../../../Engine/Plugins/Editor/SpeedTreeImporter/Content/SpeedTree9/SpeedTreeBillboard.uexp" 253
"../../../Engine/Plugins/Editor/SpeedTreeImporter/Content/SpeedTree9/SpeedTreeBillboardMaster.uasset" 254
"../../../Engine/Plugins/Editor/SpeedTreeImporter/Content/SpeedTree9/SpeedTreeBillboardMaster.uexp" 255
"../../../Engine/Plugins/Animation/ControlRig/Content/Controls/DefaultGizmoLibraryNormalized.uasset" 256
"../../../Engine/Plugins/Animation/ControlRig/Content/Controls/DefaultGizmoLibraryNormalized.uexp" 257
"../../../Engine/Plugins/Animation/ControlRig/Content/Controls/ControlRig_Wedge_solid.ubulk" 258
"../../../Engine/Plugins/Animation/ControlRig/Content/Controls/ControlRig_Wedge_solid.uasset" 259
"../../../Engine/Plugins/Animation/ControlRig/Content/Controls/ControlRig_Wedge_solid.uexp" 260
"../../../Engine/Plugins/Animation/ControlRig/Content/Controls/ControlRig_Wedge_3mm.ubulk" 261
"../../../Engine/Plugins/Animation/ControlRig/Content/Controls/ControlRig_Wedge_3mm.uasset" 262
"../../../Engine/Plugins/Animation/ControlRig/Content/Controls/ControlRig_Wedge_3mm.uexp" 263
"../../../Engine/Plugins/Animation/ControlRig/Content/Controls/ControlRig_Wedge_1mm.ubulk" 264
"../../../Engine/Plugins/Animation/ControlRig/Content/Controls/ControlRig_Wedge_1mm.uasset" 265
"../../../Engine/Plugins/Animation/ControlRig/Content/Controls/ControlRig_Wedge_1mm.uexp" 266
"../../../Engine/Plugins/Animation/ControlRig/Content/Controls/ControlRig_Triangle_solid.ubulk" 267
"../../../Engine/Plugins/Animation/ControlRig/Content/Controls/ControlRig_Triangle_solid.uasset" 268
"../../../Engine/Plugins/Animation/ControlRig/Content/Controls/ControlRig_Triangle_solid.uexp" 269
"../../../Engine/Plugins/Animation/ControlRig/Content/Controls/ControlRig_Triangle_3mm.ubulk" 270
"../../../Engine/Plugins/Animation/ControlRig/Content/Controls/ControlRig_Triangle_3mm.uasset" 271
"../../../Engine/Plugins/Animation/ControlRig/Content/Controls/ControlRig_Triangle_3mm.uexp" 272
"../../../Engine/Plugins/Animation/ControlRig/Content/Controls/ControlRig_Triangle_1mm.ubulk" 273
"../../../Engine/Plugins/Animation/ControlRig/Content/Controls/ControlRig_Triangle_1mm.uasset" 274
"../../../Engine/Plugins/Animation/ControlRig/Content/Controls/ControlRig_Triangle_1mm.uexp" 275
"../../../Engine/Plugins/Animation/ControlRig/Content/Controls/ControlRig_Star4_solid.ubulk" 276
"../../../Engine/Plugins/Animation/ControlRig/Content/Controls/ControlRig_Star4_solid.uasset" 277
"../../../Engine/Plugins/Animation/ControlRig/Content/Controls/ControlRig_Star4_solid.uexp" 278
"../../../Engine/Plugins/Animation/ControlRig/Content/Controls/ControlRig_Star4_3mm.ubulk" 279
"../../../Engine/Plugins/Animation/ControlRig/Content/Controls/ControlRig_Star4_3mm.uasset" 280
"../../../Engine/Plugins/Animation/ControlRig/Content/Controls/ControlRig_Star4_3mm.uexp" 281
"../../../Engine/Plugins/Animation/ControlRig/Content/Controls/ControlRig_Star4_1mm.ubulk" 282
"../../../Engine/Plugins/Animation/ControlRig/Content/Controls/ControlRig_Star4_1mm.uasset" 283
"../../../Engine/Plugins/Animation/ControlRig/Content/Controls/ControlRig_Star4_1mm.uexp" 284
"../../../Engine/Plugins/Animation/ControlRig/Content/Controls/ControlRig_Square_solid.ubulk" 285
"../../../Engine/Plugins/Animation/ControlRig/Content/Controls/ControlRig_Square_solid.uasset" 286
"../../../Engine/Plugins/Animation/ControlRig/Content/Controls/ControlRig_Square_solid.uexp" 287
"../../../Engine/Plugins/Animation/ControlRig/Content/Controls/ControlRig_Square_3mm.ubulk" 288
"../../../Engine/Plugins/Animation/ControlRig/Content/Controls/ControlRig_Square_3mm.uasset" 289
"../../../Engine/Plugins/Animation/ControlRig/Content/Controls/ControlRig_Square_3mm.uexp" 290
"../../../Engine/Plugins/Animation/ControlRig/Content/Controls/ControlRig_Square_1mm.ubulk" 291
"../../../Engine/Plugins/Animation/ControlRig/Content/Controls/ControlRig_Square_1mm.uasset" 292
"../../../Engine/Plugins/Animation/ControlRig/Content/Controls/ControlRig_Square_1mm.uexp" 293
"../../../Engine/Plugins/Animation/ControlRig/Content/Controls/ControlRig_Sphere_solid.ubulk" 294
"../../../Engine/Plugins/Animation/ControlRig/Content/Controls/ControlRig_Sphere_solid.uasset" 295
"../../../Engine/Plugins/Animation/ControlRig/Content/Controls/ControlRig_Sphere_solid.uexp" 296
"../../../Engine/Plugins/Animation/ControlRig/Content/Controls/ControlRig_Sphere_3mm.ubulk" 297
"../../../Engine/Plugins/Animation/ControlRig/Content/Controls/ControlRig_Sphere_3mm.uasset" 298
"../../../Engine/Plugins/Animation/ControlRig/Content/Controls/ControlRig_Sphere_3mm.uexp" 299
"../../../Engine/Plugins/Animation/ControlRig/Content/Controls/ControlRig_Sphere_1mm.ubulk" 300
"../../../Engine/Plugins/Animation/ControlRig/Content/Controls/ControlRig_Sphere_1mm.uasset" 301
"../../../Engine/Plugins/Animation/ControlRig/Content/Controls/ControlRig_Sphere_1mm.uexp" 302
"../../../Engine/Plugins/Animation/ControlRig/Content/Controls/ControlRig_RoundedTriangle_solid.ubulk" 303
"../../../Engine/Plugins/Animation/ControlRig/Content/Controls/ControlRig_RoundedTriangle_solid.uasset" 304
"../../../Engine/Plugins/Animation/ControlRig/Content/Controls/ControlRig_RoundedTriangle_solid.uexp" 305
"../../../Engine/Plugins/Animation/ControlRig/Content/Controls/ControlRig_RoundedTriangle_3mm.ubulk" 306
"../../../Engine/Plugins/Animation/ControlRig/Content/Controls/ControlRig_RoundedTriangle_3mm.uasset" 307
"../../../Engine/Plugins/Animation/ControlRig/Content/Controls/ControlRig_RoundedTriangle_3mm.uexp" 308
"../../../Engine/Plugins/Animation/ControlRig/Content/Controls/ControlRig_RoundedTriangle_1mm.ubulk" 309
"../../../Engine/Plugins/Animation/ControlRig/Content/Controls/ControlRig_RoundedTriangle_1mm.uasset" 310
"../../../Engine/Plugins/Animation/ControlRig/Content/Controls/ControlRig_RoundedTriangle_1mm.uexp" 311
"../../../Engine/Plugins/Animation/ControlRig/Content/Controls/ControlRig_RoundedSquare_solid.ubulk" 312
"../../../Engine/Plugins/Animation/ControlRig/Content/Controls/ControlRig_RoundedSquare_solid.uasset" 313
"../../../Engine/Plugins/Animation/ControlRig/Content/Controls/ControlRig_RoundedSquare_solid.uexp" 314
"../../../Engine/Plugins/Animation/ControlRig/Content/Controls/ControlRig_RoundedSquare_3mm.ubulk" 315
"../../../Engine/Plugins/Animation/ControlRig/Content/Controls/ControlRig_RoundedSquare_3mm.uasset" 316
"../../../Engine/Plugins/Animation/ControlRig/Content/Controls/ControlRig_RoundedSquare_3mm.uexp" 317
"../../../Engine/Plugins/Animation/ControlRig/Content/Controls/ControlRig_RoundedSquare_1mm.ubulk" 318
"../../../Engine/Plugins/Animation/ControlRig/Content/Controls/ControlRig_RoundedSquare_1mm.uasset" 319
"../../../Engine/Plugins/Animation/ControlRig/Content/Controls/ControlRig_RoundedSquare_1mm.uexp" 320
"../../../Engine/Plugins/Animation/ControlRig/Content/Controls/ControlRig_QuarterCircle_solid.ubulk" 321
"../../../Engine/Plugins/Animation/ControlRig/Content/Controls/ControlRig_QuarterCircle_solid.uasset" 322
"../../../Engine/Plugins/Animation/ControlRig/Content/Controls/ControlRig_QuarterCircle_solid.uexp" 323
"../../../Engine/Plugins/Animation/ControlRig/Content/Controls/ControlRig_QuarterCircle_3mm.ubulk" 324
"../../../Engine/Plugins/Animation/ControlRig/Content/Controls/ControlRig_QuarterCircle_3mm.uasset" 325
"../../../Engine/Plugins/Animation/ControlRig/Content/Controls/ControlRig_QuarterCircle_3mm.uexp" 326
"../../../Engine/Plugins/Animation/ControlRig/Content/Controls/ControlRig_QuarterCircle_1mm.ubulk" 327
"../../../Engine/Plugins/Animation/ControlRig/Content/Controls/ControlRig_QuarterCircle_1mm.uasset" 328
"../../../Engine/Plugins/Animation/ControlRig/Content/Controls/ControlRig_QuarterCircle_1mm.uexp" 329
"../../../Engine/Plugins/Animation/ControlRig/Content/Controls/ControlRig_Pyramid_solid.ubulk" 330
"../../../Engine/Plugins/Animation/ControlRig/Content/Controls/ControlRig_Pyramid_solid.uasset" 331
"../../../Engine/Plugins/Animation/ControlRig/Content/Controls/ControlRig_Pyramid_solid.uexp" 332
"../../../Engine/Plugins/Animation/ControlRig/Content/Controls/ControlRig_Pyramid_3mm.ubulk" 333
"../../../Engine/Plugins/Animation/ControlRig/Content/Controls/ControlRig_Pyramid_3mm.uasset" 334
"../../../Engine/Plugins/Animation/ControlRig/Content/Controls/ControlRig_Pyramid_3mm.uexp" 335
"../../../Engine/Plugins/Animation/ControlRig/Content/Controls/ControlRig_Pyramid_1mm.ubulk" 336
"../../../Engine/Plugins/Animation/ControlRig/Content/Controls/ControlRig_Pyramid_1mm.uasset" 337
"../../../Engine/Plugins/Animation/ControlRig/Content/Controls/ControlRig_Pyramid_1mm.uexp" 338
"../../../Engine/Plugins/Animation/ControlRig/Content/Controls/ControlRig_Octagon_solid.ubulk" 339
"../../../Engine/Plugins/Animation/ControlRig/Content/Controls/ControlRig_Octagon_solid.uasset" 340
"../../../Engine/Plugins/Animation/ControlRig/Content/Controls/ControlRig_Octagon_solid.uexp" 341
"../../../Engine/Plugins/Animation/ControlRig/Content/Controls/ControlRig_Octagon_3mm.ubulk" 342
"../../../Engine/Plugins/Animation/ControlRig/Content/Controls/ControlRig_Octagon_3mm.uasset" 343
"../../../Engine/Plugins/Animation/ControlRig/Content/Controls/ControlRig_Octagon_3mm.uexp" 344
"../../../Engine/Plugins/Animation/ControlRig/Content/Controls/ControlRig_Octagon_1mm.ubulk" 345
"../../../Engine/Plugins/Animation/ControlRig/Content/Controls/ControlRig_Octagon_1mm.uasset" 346
"../../../Engine/Plugins/Animation/ControlRig/Content/Controls/ControlRig_Octagon_1mm.uexp" 347
"../../../Engine/Plugins/Animation/ControlRig/Content/Controls/ControlRig_Hexagon_solid.ubulk" 348
"../../../Engine/Plugins/Animation/ControlRig/Content/Controls/ControlRig_Hexagon_solid.uasset" 349
"../../../Engine/Plugins/Animation/ControlRig/Content/Controls/ControlRig_Hexagon_solid.uexp" 350
"../../../Engine/Plugins/Animation/ControlRig/Content/Controls/ControlRig_Hexagon_3mm.ubulk" 351
"../../../Engine/Plugins/Animation/ControlRig/Content/Controls/ControlRig_Hexagon_3mm.uasset" 352
"../../../Engine/Plugins/Animation/ControlRig/Content/Controls/ControlRig_Hexagon_3mm.uexp" 353
"../../../Engine/Plugins/Animation/ControlRig/Content/Controls/ControlRig_Hexagon_1mm.ubulk" 354
"../../../Engine/Plugins/Animation/ControlRig/Content/Controls/ControlRig_Hexagon_1mm.uasset" 355
"../../../Engine/Plugins/Animation/ControlRig/Content/Controls/ControlRig_Hexagon_1mm.uexp" 356
"../../../Engine/Plugins/Animation/ControlRig/Content/Controls/ControlRig_HalfCircle_solid.ubulk" 357
"../../../Engine/Plugins/Animation/ControlRig/Content/Controls/ControlRig_HalfCircle_solid.uasset" 358
"../../../Engine/Plugins/Animation/ControlRig/Content/Controls/ControlRig_HalfCircle_solid.uexp" 359
"../../../Engine/Plugins/Animation/ControlRig/Content/Controls/ControlRig_HalfCircle_3mm.ubulk" 360
"../../../Engine/Plugins/Animation/ControlRig/Content/Controls/ControlRig_HalfCircle_3mm.uasset" 361
"../../../Engine/Plugins/Animation/ControlRig/Content/Controls/ControlRig_HalfCircle_3mm.uexp" 362
"../../../Engine/Plugins/Animation/ControlRig/Content/Controls/ControlRig_HalfCircle_1mm.ubulk" 363
"../../../Engine/Plugins/Animation/ControlRig/Content/Controls/ControlRig_HalfCircle_1mm.uasset" 364
"../../../Engine/Plugins/Animation/ControlRig/Content/Controls/ControlRig_HalfCircle_1mm.uexp" 365
"../../../Engine/Plugins/Animation/ControlRig/Content/Controls/ControlRig_Diamond_solid.ubulk" 366
"../../../Engine/Plugins/Animation/ControlRig/Content/Controls/ControlRig_Diamond_solid.uasset" 367
"../../../Engine/Plugins/Animation/ControlRig/Content/Controls/ControlRig_Diamond_solid.uexp" 368
"../../../Engine/Plugins/Animation/ControlRig/Content/Controls/ControlRig_Diamond_3mm.ubulk" 369
"../../../Engine/Plugins/Animation/ControlRig/Content/Controls/ControlRig_Diamond_3mm.uasset" 370
"../../../Engine/Plugins/Animation/ControlRig/Content/Controls/ControlRig_Diamond_3mm.uexp" 371
"../../../Engine/Plugins/Animation/ControlRig/Content/Controls/ControlRig_Diamond_1mm.ubulk" 372
"../../../Engine/Plugins/Animation/ControlRig/Content/Controls/ControlRig_Diamond_1mm.uasset" 373
"../../../Engine/Plugins/Animation/ControlRig/Content/Controls/ControlRig_Diamond_1mm.uexp" 374
"../../../Engine/Plugins/Animation/ControlRig/Content/Controls/ControlRig_Circle_solid.ubulk" 375
"../../../Engine/Plugins/Animation/ControlRig/Content/Controls/ControlRig_Circle_solid.uasset" 376
"../../../Engine/Plugins/Animation/ControlRig/Content/Controls/ControlRig_Circle_solid.uexp" 377
"../../../Engine/Plugins/Animation/ControlRig/Content/Controls/ControlRig_Circle_3mm.ubulk" 378
"../../../Engine/Plugins/Animation/ControlRig/Content/Controls/ControlRig_Circle_3mm.uasset" 379
"../../../Engine/Plugins/Animation/ControlRig/Content/Controls/ControlRig_Circle_3mm.uexp" 380
"../../../Engine/Plugins/Animation/ControlRig/Content/Controls/ControlRig_Circle_1mm.ubulk" 381
"../../../Engine/Plugins/Animation/ControlRig/Content/Controls/ControlRig_Circle_1mm.uasset" 382
"../../../Engine/Plugins/Animation/ControlRig/Content/Controls/ControlRig_Circle_1mm.uexp" 383
"../../../Engine/Plugins/Animation/ControlRig/Content/Controls/ControlRig_Box_solid.ubulk" 384
"../../../Engine/Plugins/Animation/ControlRig/Content/Controls/ControlRig_Box_solid.uasset" 385
"../../../Engine/Plugins/Animation/ControlRig/Content/Controls/ControlRig_Box_solid.uexp" 386
"../../../Engine/Plugins/Animation/ControlRig/Content/Controls/ControlRig_Box_3mm.ubulk" 387
"../../../Engine/Plugins/Animation/ControlRig/Content/Controls/ControlRig_Box_3mm.uasset" 388
"../../../Engine/Plugins/Animation/ControlRig/Content/Controls/ControlRig_Box_3mm.uexp" 389
"../../../Engine/Plugins/Animation/ControlRig/Content/Controls/ControlRig_Box_1mm.ubulk" 390
"../../../Engine/Plugins/Animation/ControlRig/Content/Controls/ControlRig_Box_1mm.uasset" 391
"../../../Engine/Plugins/Animation/ControlRig/Content/Controls/ControlRig_Box_1mm.uexp" 392
"../../../Engine/Plugins/Animation/ControlRig/Content/Controls/ControlRig_Arrow_solid.ubulk" 393
"../../../Engine/Plugins/Animation/ControlRig/Content/Controls/ControlRig_Arrow_solid.uasset" 394
"../../../Engine/Plugins/Animation/ControlRig/Content/Controls/ControlRig_Arrow_solid.uexp" 395
"../../../Engine/Plugins/Animation/ControlRig/Content/Controls/ControlRig_Arrow_3mm.ubulk" 396
"../../../Engine/Plugins/Animation/ControlRig/Content/Controls/ControlRig_Arrow_3mm.uasset" 397
"../../../Engine/Plugins/Animation/ControlRig/Content/Controls/ControlRig_Arrow_3mm.uexp" 398
"../../../Engine/Plugins/Animation/ControlRig/Content/Controls/ControlRig_Arrow_1mm.ubulk" 399
"../../../Engine/Plugins/Animation/ControlRig/Content/Controls/ControlRig_Arrow_1mm.uasset" 400
"../../../Engine/Plugins/Animation/ControlRig/Content/Controls/ControlRig_Arrow_1mm.uexp" 401
"../../../Engine/Plugins/Animation/ControlRig/Content/Controls/ControlRig_Arrow4_solid.ubulk" 402
"../../../Engine/Plugins/Animation/ControlRig/Content/Controls/ControlRig_Arrow4_solid.uasset" 403
"../../../Engine/Plugins/Animation/ControlRig/Content/Controls/ControlRig_Arrow4_solid.uexp" 404
"../../../Engine/Plugins/Animation/ControlRig/Content/Controls/ControlRig_Arrow4_3mm.ubulk" 405
"../../../Engine/Plugins/Animation/ControlRig/Content/Controls/ControlRig_Arrow4_3mm.uasset" 406
"../../../Engine/Plugins/Animation/ControlRig/Content/Controls/ControlRig_Arrow4_3mm.uexp" 407
"../../../Engine/Plugins/Animation/ControlRig/Content/Controls/ControlRig_Arrow4_1mm.ubulk" 408
"../../../Engine/Plugins/Animation/ControlRig/Content/Controls/ControlRig_Arrow4_1mm.uasset" 409
"../../../Engine/Plugins/Animation/ControlRig/Content/Controls/ControlRig_Arrow4_1mm.uexp" 410
"../../../Engine/Plugins/Animation/ControlRig/Content/Controls/ControlRig_Arrow2_solid.ubulk" 411
"../../../Engine/Plugins/Animation/ControlRig/Content/Controls/ControlRig_Arrow2_solid.uasset" 412
"../../../Engine/Plugins/Animation/ControlRig/Content/Controls/ControlRig_Arrow2_solid.uexp" 413
"../../../Engine/Plugins/Animation/ControlRig/Content/Controls/ControlRig_Arrow2_3mm.ubulk" 414
"../../../Engine/Plugins/Animation/ControlRig/Content/Controls/ControlRig_Arrow2_3mm.uasset" 415
"../../../Engine/Plugins/Animation/ControlRig/Content/Controls/ControlRig_Arrow2_3mm.uexp" 416
"../../../Engine/Plugins/Animation/ControlRig/Content/Controls/ControlRig_Arrow2_1mm.ubulk" 417
"../../../Engine/Plugins/Animation/ControlRig/Content/Controls/ControlRig_Arrow2_1mm.uasset" 418
"../../../Engine/Plugins/Animation/ControlRig/Content/Controls/ControlRig_Arrow2_1mm.uexp" 419
"../../../Engine/Plugins/Animation/ControlRig/Content/Controls/ControlRigXRayMaterial.uasset" 420
"../../../Engine/Plugins/Animation/ControlRig/Content/Controls/ControlRigXRayMaterial.uexp" 421
"../../../Engine/Plugins/Animation/ControlRig/Content/Controls/ControlRigGizmoMaterial.uasset" 422
"../../../Engine/Plugins/Animation/ControlRig/Content/Controls/ControlRigGizmoMaterial.uexp" 423
"../../../Engine/Content/VREditor/TransformGizmo/StartRotationHandleIndicator.ubulk" 424
"../../../Engine/Content/VREditor/TransformGizmo/StartRotationHandleIndicator.uasset" 425
"../../../Engine/Content/VREditor/TransformGizmo/StartRotationHandleIndicator.uexp" 426
"../../../Engine/Content/VREditor/Sounds/UI/Drop_Item_From_ContentBrowser.ubulk" 427
"../../../Engine/Content/VREditor/Sounds/UI/Drop_Item_From_ContentBrowser.uasset" 428
"../../../Engine/Content/VREditor/Sounds/UI/Drop_Item_From_ContentBrowser.uexp" 429
"../../../Engine/Content/VREditor/TransformGizmo/PlaneTranslationHandle.ubulk" 430
"../../../Engine/Content/VREditor/TransformGizmo/PlaneTranslationHandle.uasset" 431
"../../../Engine/Content/VREditor/TransformGizmo/PlaneTranslationHandle.uexp" 432
"../../../Engine/Content/VREditor/Sounds/UI/Object_Snaps_To_Grid.ubulk" 433
"../../../Engine/Content/VREditor/Sounds/UI/Object_Snaps_To_Grid.uasset" 434
"../../../Engine/Content/VREditor/Sounds/UI/Object_Snaps_To_Grid.uexp" 435
"../../../Engine/Content/VREditor/Sounds/UI/Selection_Changes.ubulk" 436
"../../../Engine/Content/VREditor/Sounds/UI/Selection_Changes.uasset" 437
"../../../Engine/Content/VREditor/Sounds/UI/Selection_Changes.uexp" 438
"../../../Engine/Content/VREditor/Sounds/UI/Object_Snaps_To_Another_Actor.ubulk" 439
"../../../Engine/Content/VREditor/Sounds/UI/Object_Snaps_To_Another_Actor.uasset" 440
"../../../Engine/Content/VREditor/Sounds/UI/Object_Snaps_To_Another_Actor.uexp" 441
"../../../Engine/Content/VREditor/TransformGizmo/TranslucentTransformGizmoMaterial_Inst.uasset" 442
"../../../Engine/Content/VREditor/TransformGizmo/TranslucentTransformGizmoMaterial_Inst.uexp" 443
"../../../Engine/Content/VREditor/TransformGizmo/TransformGizmoFreeRotation.ubulk" 444
"../../../Engine/Content/VREditor/TransformGizmo/TransformGizmoFreeRotation.uasset" 445
"../../../Engine/Content/VREditor/TransformGizmo/TransformGizmoFreeRotation.uexp" 446
"../../../Engine/Content/VREditor/Sounds/UI/Scaling_Down.ubulk" 447
"../../../Engine/Content/VREditor/Sounds/UI/Scaling_Down.uasset" 448
"../../../Engine/Content/VREditor/Sounds/UI/Scaling_Down.uexp" 449
"../../../Engine/Content/Functions/Engine_MaterialFunctions02/Math/Transform3x3Matrix.uasset" 450
"../../../Engine/Content/Functions/Engine_MaterialFunctions02/Math/Transform3x3Matrix.uexp" 451
"../../../Engine/Content/Functions/Engine_MaterialFunctions02/SplitComponents.uasset" 452
"../../../Engine/Content/Functions/Engine_MaterialFunctions02/SplitComponents.uexp" 453
"../../../Engine/Content/Functions/Engine_MaterialFunctions02/Utility/MakeFloat3.uasset" 454
"../../../Engine/Content/Functions/Engine_MaterialFunctions02/Utility/MakeFloat3.uexp" 455
"../../../Engine/Content/VREditor/SnapGrid/SnapGridMaterial.uasset" 456
"../../../Engine/Content/VREditor/SnapGrid/SnapGridMaterial.uexp" 457
"../../../Engine/Content/VREditor/SnapGrid/SnapGridPlaneMesh.ubulk" 458
"../../../Engine/Content/VREditor/SnapGrid/SnapGridPlaneMesh.uasset" 459
"../../../Engine/Content/VREditor/SnapGrid/SnapGridPlaneMesh.uexp" 460
"../../../Engine/Content/VREditor/Sounds/UI/Scaling_Up.ubulk" 461
"../../../Engine/Content/VREditor/Sounds/UI/Scaling_Up.uasset" 462
"../../../Engine/Content/VREditor/Sounds/UI/Scaling_Up.uexp" 463
"../../../Engine/Content/VREditor/TransformGizmo/TransformGizmoMaterial_Inst.uasset" 464
"../../../Engine/Content/VREditor/TransformGizmo/TransformGizmoMaterial_Inst.uexp" 465
"../../../Engine/Content/VREditor/Sounds/UI/Gizmo_Handle_Clicked.ubulk" 466
"../../../Engine/Content/VREditor/Sounds/UI/Gizmo_Handle_Clicked.uasset" 467
"../../../Engine/Content/VREditor/Sounds/UI/Gizmo_Handle_Clicked.uexp" 468
"../../../Engine/Content/VREditor/TransformGizmo/RotationHandleQuarter.ubulk" 469
"../../../Engine/Content/VREditor/TransformGizmo/RotationHandleQuarter.uasset" 470
"../../../Engine/Content/VREditor/TransformGizmo/RotationHandleQuarter.uexp" 471
"../../../Engine/Content/VREditor/TransformGizmo/TranslateArrowHandle.ubulk" 472
"../../../Engine/Content/VREditor/TransformGizmo/TranslateArrowHandle.uasset" 473
"../../../Engine/Content/VREditor/TransformGizmo/TranslateArrowHandle.uexp" 474
"../../../Engine/Content/VREditor/TransformGizmo/RotationHandleIndicator.ubulk" 475
"../../../Engine/Content/VREditor/TransformGizmo/RotationHandleIndicator.uasset" 476
"../../../Engine/Content/VREditor/TransformGizmo/RotationHandleIndicator.uexp" 477
"../../../Engine/Content/VREditor/TransformGizmo/UniformScaleHandle.ubulk" 478
"../../../Engine/Content/VREditor/TransformGizmo/UniformScaleHandle.uasset" 479
"../../../Engine/Content/VREditor/TransformGizmo/UniformScaleHandle.uexp" 480
"../../../Engine/Content/VREditor/TransformGizmo/RotationHandleFull.ubulk" 481
"../../../Engine/Content/VREditor/TransformGizmo/RotationHandleFull.uasset" 482
"../../../Engine/Content/VREditor/TransformGizmo/RotationHandleFull.uexp" 483
"../../../Engine/Content/VREditor/Sounds/UI/Object_PickUp.ubulk" 484
"../../../Engine/Content/VREditor/Sounds/UI/Object_PickUp.uasset" 485
"../../../Engine/Content/VREditor/Sounds/UI/Object_PickUp.uexp" 486
"../../../Engine/Content/EngineSounds/Master.uasset" 487
"../../../Engine/Content/EngineSounds/Master.uexp" 488
"../../../Engine/Content/EngineResources/WhiteSquareTexture.uasset" 489
"../../../Engine/Content/EngineResources/WhiteSquareTexture.uexp" 490
"../../../Engine/Content/EngineMaterials/Widget3DPassThrough.uasset" 491
"../../../Engine/Content/EngineMaterials/Widget3DPassThrough.uexp" 492
"../../../Engine/Content/EngineMaterials/Widget3DPassThrough_Translucent.uasset" 493
"../../../Engine/Content/EngineMaterials/Widget3DPassThrough_Translucent.uexp" 494
"../../../Engine/Content/EngineMaterials/Widget3DPassThrough_Translucent_OneSided.uasset" 495
"../../../Engine/Content/EngineMaterials/Widget3DPassThrough_Translucent_OneSided.uexp" 496
"../../../Engine/Content/EngineMaterials/Widget3DPassThrough_Opaque.uasset" 497
"../../../Engine/Content/EngineMaterials/Widget3DPassThrough_Opaque.uexp" 498
"../../../Engine/Content/EngineMaterials/Widget3DPassThrough_Opaque_OneSided.uasset" 499
"../../../Engine/Content/EngineMaterials/Widget3DPassThrough_Opaque_OneSided.uexp" 500
"../../../Engine/Content/EngineMaterials/Widget3DPassThrough_Masked_OneSided.uasset" 501
"../../../Engine/Content/EngineMaterials/Widget3DPassThrough_Masked_OneSided.uexp" 502
"../../../Engine/Content/EngineMaterials/Widget3DPassThrough_Masked.uasset" 503
"../../../Engine/Content/EngineMaterials/Widget3DPassThrough_Masked.uexp" 504
"../../../Engine/Content/EngineMaterials/STBlueNoise_vec2_128x128x64.uasset" 505
"../../../Engine/Content/EngineMaterials/STBlueNoise_vec2_128x128x64.uexp" 506
"../../../Engine/Content/EngineMaterials/STBlueNoise_scalar_128x128x64.uasset" 507
"../../../Engine/Content/EngineMaterials/STBlueNoise_scalar_128x128x64.uexp" 508
"../../../Engine/Content/EngineMaterials/RemoveSurfaceMaterial.uasset" 509
"../../../Engine/Content/EngineMaterials/RemoveSurfaceMaterial.uexp" 510
"../../../Engine/Content/EngineMaterials/DefaultCalibrationGrayscale.uasset" 511
"../../../Engine/Content/EngineMaterials/DefaultCalibrationGrayscale.uexp" 512
"../../../Engine/Content/EngineMaterials/PPM_DefaultCalibrationGrayscale.uasset" 513
"../../../Engine/Content/EngineMaterials/PPM_DefaultCalibrationGrayscale.uexp" 514
"../../../Engine/Content/EngineMaterials/DefaultCalibrationColor.uasset" 515
"../../../Engine/Content/EngineMaterials/DefaultCalibrationColor.uexp" 516
"../../../Engine/Content/EngineMaterials/PPM_DefaultCalibrationColor.uasset" 517
"../../../Engine/Content/EngineMaterials/PPM_DefaultCalibrationColor.uexp" 518
"../../../Engine/Content/EngineMaterials/PhAT_JointLimitMaterial.uasset" 519
"../../../Engine/Content/EngineMaterials/PhAT_JointLimitMaterial.uexp" 520
"../../../Engine/Content/EngineMaterials/NaniteHiddenSectionMaterial.uasset" 521
"../../../Engine/Content/EngineMaterials/NaniteHiddenSectionMaterial.uexp" 522
"../../../Engine/Content/EngineMaterials/InvalidLightmapSettings.ubulk" 523
"../../../Engine/Content/EngineMaterials/InvalidLightmapSettings.uasset" 524
"../../../Engine/Content/EngineMaterials/InvalidLightmapSettings.uexp" 525
"../../../Engine/Content/EngineMaterials/M_InvalidLightmapSettings.uasset" 526
"../../../Engine/Content/EngineMaterials/M_InvalidLightmapSettings.uexp" 527
"../../../Engine/Content/EngineMaterials/GizmoMaterial.uasset" 528
"../../../Engine/Content/EngineMaterials/GizmoMaterial.uexp" 529
"../../../Engine/Content/EngineMaterials/BaseFlattenEmissiveMap_VT.uasset" 530
"../../../Engine/Content/EngineMaterials/BaseFlattenEmissiveMap_VT.uexp" 531
"../../../Engine/Content/EngineMaterials/BaseFlattenGrayscaleMap_VT.uasset" 532
"../../../Engine/Content/EngineMaterials/BaseFlattenGrayscaleMap_VT.uexp" 533
"../../../Engine/Content/EngineMaterials/BaseFlattenLinearColor_VT.uasset" 534
"../../../Engine/Content/EngineMaterials/BaseFlattenLinearColor_VT.uexp" 535
"../../../Engine/Content/EngineMaterials/Black_1x1_EXR_Texture_VT.uasset" 536
"../../../Engine/Content/EngineMaterials/Black_1x1_EXR_Texture_VT.uexp" 537
"../../../Engine/Content/EngineMaterials/BaseFlattenDiffuseMap_VT.uasset" 538
"../../../Engine/Content/EngineMaterials/BaseFlattenDiffuseMap_VT.uexp" 539
"../../../Engine/Content/EngineMaterials/BaseFlattenNormalMap_VT.uasset" 540
"../../../Engine/Content/EngineMaterials/BaseFlattenNormalMap_VT.uexp" 541
"../../../Engine/Content/EngineMaterials/FlattenMaterial_WS_Normal_VT.uasset" 542
"../../../Engine/Content/EngineMaterials/FlattenMaterial_WS_Normal_VT.uexp" 543
"../../../Engine/Content/EngineMaterials/FlattenMaterial_VT.uasset" 544
"../../../Engine/Content/EngineMaterials/FlattenMaterial_VT.uexp" 545
"../../../Engine/Content/EngineMaterials/BaseFlattenNormalMap.uasset" 546
"../../../Engine/Content/EngineMaterials/BaseFlattenNormalMap.uexp" 547
"../../../Engine/Content/EngineMaterials/BaseFlattenGrayscaleMap.uasset" 548
"../../../Engine/Content/EngineMaterials/BaseFlattenGrayscaleMap.uexp" 549
"../../../Engine/Content/EngineMaterials/BaseFlattenDiffuseMap.uasset" 550
"../../../Engine/Content/EngineMaterials/BaseFlattenDiffuseMap.uexp" 551
"../../../Engine/Content/Functions/Engine_MaterialFunctions02/PivotPainter2/Black_1x1_EXR_Texture.uasset" 552
"../../../Engine/Content/Functions/Engine_MaterialFunctions02/PivotPainter2/Black_1x1_EXR_Texture.uexp" 553
"../../../Engine/Content/EngineMaterials/BaseFlattenEmissiveMap.uasset" 554
"../../../Engine/Content/EngineMaterials/BaseFlattenEmissiveMap.uexp" 555
"../../../Engine/Content/EngineMaterials/BaseFlattenLinearColor.uasset" 556
"../../../Engine/Content/EngineMaterials/BaseFlattenLinearColor.uexp" 557
"../../../Engine/Content/EngineMaterials/FlattenMaterial.uasset" 558
"../../../Engine/Content/EngineMaterials/FlattenMaterial.uexp" 559
"../../../Engine/Content/EngineMaterials/DefaultWhiteGrid_Low.uasset" 560
"../../../Engine/Content/EngineMaterials/DefaultWhiteGrid_Low.uexp" 561
"../../../Engine/Content/EngineMaterials/EmissiveMeshMaterial.uasset" 562
"../../../Engine/Content/EngineMaterials/EmissiveMeshMaterial.uexp" 563
"../../../Engine/Content/EngineFonts/RobotoDistanceField.uasset" 564
"../../../Engine/Content/EngineFonts/RobotoDistanceField.uexp" 565
"../../../Engine/Content/EngineMaterials/DefaultTextMaterialOpaque.uasset" 566
"../../../Engine/Content/EngineMaterials/DefaultTextMaterialOpaque.uexp" 567
"../../../Engine/Content/EngineMaterials/DefaultDiffuse.ubulk" 568
"../../../Engine/Content/EngineMaterials/DefaultDiffuse.uasset" 569
"../../../Engine/Content/EngineMaterials/DefaultDiffuse.uexp" 570
"../../../Engine/Content/Functions/Engine_MaterialFunctions02/Utility/BreakOutFloat2Components.uasset" 571
"../../../Engine/Content/Functions/Engine_MaterialFunctions02/Utility/BreakOutFloat2Components.uexp" 572
"../../../Engine/Content/EngineMaterials/DefaultPostProcessMaterial.uasset" 573
"../../../Engine/Content/EngineMaterials/DefaultPostProcessMaterial.uexp" 574
"../../../Engine/Content/EngineMaterials/DefaultPhysicalMaterial.uasset" 575
"../../../Engine/Content/EngineMaterials/DefaultPhysicalMaterial.uexp" 576
"../../../Engine/Content/EngineMaterials/DefaultLightFunctionMaterial.uasset" 577
"../../../Engine/Content/EngineMaterials/DefaultLightFunctionMaterial.uexp" 578
"../../../Engine/Content/EngineMaterials/DefaultDestructiblePhysicalMaterial.uasset" 579
"../../../Engine/Content/EngineMaterials/DefaultDestructiblePhysicalMaterial.uexp" 580
"../../../Engine/Content/EngineMaterials/DefaultDeferredDecalMaterial.uasset" 581
"../../../Engine/Content/EngineMaterials/DefaultDeferredDecalMaterial.uexp" 582
"../../../Engine/Content/EngineMaterials/DefaultBloomKernel.uasset" 583
"../../../Engine/Content/EngineMaterials/DefaultBloomKernel.uexp" 584
"../../../Engine/Content/EngineFonts/Faces/RobotoLight.uexp" 585
"../../../Engine/Content/EngineFonts/Faces/RobotoLight.uasset" 586
"../../../Engine/Content/EngineFonts/Faces/RobotoLight.ufont" 587
"../../../Engine/Content/EngineFonts/Faces/RobotoBold.uexp" 588
"../../../Engine/Content/EngineFonts/Faces/RobotoBold.uasset" 589
"../../../Engine/Content/EngineFonts/Faces/RobotoBold.ufont" 590
"../../../Engine/Content/EngineFonts/Faces/RobotoRegular.uexp" 591
"../../../Engine/Content/EngineFonts/Faces/RobotoRegular.uasset" 592
"../../../Engine/Content/EngineFonts/Faces/RobotoRegular.ufont" 593
"../../../Engine/Content/EngineFonts/Faces/DroidSansFallback.uexp" 594
"../../../Engine/Content/EngineFonts/Faces/DroidSansFallback.uasset" 595
"../../../Engine/Content/EngineFonts/Faces/DroidSansFallback.ufont" 596
"../../../Engine/Content/EngineFonts/Faces/RobotoItalic.uexp" 597
"../../../Engine/Content/EngineFonts/Faces/RobotoItalic.uasset" 598
"../../../Engine/Content/EngineFonts/Faces/RobotoItalic.ufont" 599
"../../../Engine/Content/EngineFonts/Faces/RobotoBoldItalic.uexp" 600
"../../../Engine/Content/EngineFonts/Faces/RobotoBoldItalic.uasset" 601
"../../../Engine/Content/EngineFonts/Faces/RobotoBoldItalic.ufont" 602
"../../../Engine/Content/EngineFonts/Roboto.uasset" 603
"../../../Engine/Content/EngineFonts/Roboto.uexp" 604
"../../../Engine/Content/EngineDebugMaterials/VolumeToRender.uasset" 605
"../../../Engine/Content/EngineDebugMaterials/VolumeToRender.uexp" 606
"../../../Engine/Content/EngineDebugMaterials/M_VolumeRenderSphereTracePP.uasset" 607
"../../../Engine/Content/EngineDebugMaterials/M_VolumeRenderSphereTracePP.uexp" 608
"../../../Engine/Content/EngineDebugMaterials/M_SimpleUnlitTranslucent.uasset" 609
"../../../Engine/Content/EngineDebugMaterials/M_SimpleUnlitTranslucent.uexp" 610
"../../../Engine/Content/EngineDebugMaterials/DebugMeshMaterial.uasset" 611
"../../../Engine/Content/EngineDebugMaterials/DebugMeshMaterial.uexp" 612
"../../../Engine/Content/EngineDebugMaterials/DebugEditorMaterial.uasset" 613
"../../../Engine/Content/EngineDebugMaterials/DebugEditorMaterial.uexp" 614
"../../../Engine/Content/EngineDamageTypes/DmgTypeBP_Environmental.uasset" 615
"../../../Engine/Content/EngineDamageTypes/DmgTypeBP_Environmental.uexp" 616
"../../../Engine/Content/EditorResources/S_Terrain.ubulk" 617
"../../../Engine/Content/EditorResources/S_Terrain.uasset" 618
"../../../Engine/Content/EditorResources/S_Terrain.uexp" 619
"../../../Engine/Content/EditorResources/EmptyActor.uasset" 620
"../../../Engine/Content/EditorResources/EmptyActor.uexp" 621
"../../../Engine/Content/EditorResources/BSPVertex.uasset" 622
"../../../Engine/Content/EditorResources/BSPVertex.uexp" 623
"../../../Engine/Content/EditorMaterials/PreviewShadowIndicator.ubulk" 624
"../../../Engine/Content/EditorMaterials/PreviewShadowIndicator.uasset" 625
"../../../Engine/Content/EditorMaterials/PreviewShadowIndicator.uexp" 626
"../../../Engine/Content/EditorMaterials/PreviewShadowIndicatorMaterial.uasset" 627
"../../../Engine/Content/EditorMaterials/PreviewShadowIndicatorMaterial.uexp" 628
"../../../Engine/Content/EditorMaterials/PhAT_UnselectedMaterial.uasset" 629
"../../../Engine/Content/EditorMaterials/PhAT_UnselectedMaterial.uexp" 630
"../../../Engine/Content/EditorMaterials/PhAT_NoCollisionMaterial.uasset" 631
"../../../Engine/Content/EditorMaterials/PhAT_NoCollisionMaterial.uexp" 632
"../../../Engine/Content/EditorLandscapeResources/DefaultAlphaTexture.uasset" 633
"../../../Engine/Content/EditorLandscapeResources/DefaultAlphaTexture.uexp" 634
"../../../Engine/Content/EditorLandscapeResources/DataLayer.uasset" 635
"../../../Engine/Content/EditorLandscapeResources/DataLayer.uexp" 636
"../../../Engine/Content/EngineMaterials/DefaultMaterial.uasset" 637
"../../../Engine/Content/EngineMaterials/DefaultMaterial.uexp" 638
"../../../Engine/Content/BasicShapes/Sphere.ubulk" 639
"../../../Engine/Content/BasicShapes/Sphere.uasset" 640
"../../../Engine/Content/BasicShapes/Sphere.uexp" 641
"../../../Engine/Content/BasicShapes/Cylinder.ubulk" 642
"../../../Engine/Content/BasicShapes/Cylinder.uasset" 643
"../../../Engine/Content/BasicShapes/Cylinder.uexp" 644
"../../../Engine/Content/BasicShapes/Cube.ubulk" 645
"../../../Engine/Content/BasicShapes/Cube.uasset" 646
"../../../Engine/Content/BasicShapes/Cube.uexp" 647
"../../../Engine/Content/BasicShapes/Cone.ubulk" 648
"../../../Engine/Content/BasicShapes/Cone.uasset" 649
"../../../Engine/Content/BasicShapes/Cone.uexp" 650
"../../../Engine/Content/BasicShapes/BasicShapeMaterial.uasset" 651
"../../../Engine/Content/BasicShapes/BasicShapeMaterial.uexp" 652
"../../../Engine/Content/Animation/DefaultVariableFrameStrippingSettings.uasset" 653
"../../../Engine/Content/Animation/DefaultVariableFrameStrippingSettings.uexp" 654
"../../../Engine/Content/Animation/DefaultRecorderBoneCompression.uasset" 655
"../../../Engine/Content/Animation/DefaultRecorderBoneCompression.uexp" 656
"C:/Users/Sebastien/Desktop/ICAN_Card_Game/ICAN-Card-Game/Content/Visuals/Meshes/Card/SM_Card.ubulk" 657
"C:/Users/Sebastien/Desktop/ICAN_Card_Game/ICAN-Card-Game/Content/Visuals/Meshes/Card/SM_Card.uasset" 658
"C:/Users/Sebastien/Desktop/ICAN_Card_Game/ICAN-Card-Game/Content/Visuals/Meshes/Card/SM_Card.uexp" 659
"C:/Users/Sebastien/Desktop/ICAN_Card_Game/ICAN-Card-Game/Content/Visuals/Materials/M_CardGhost.uasset" 660
"C:/Users/Sebastien/Desktop/ICAN_Card_Game/ICAN-Card-Game/Content/Visuals/Materials/M_CardGhost.uexp" 661
"C:/Users/Sebastien/Desktop/ICAN_Card_Game/ICAN-Card-Game/Content/Blueprint/BP_PlayedCardMat.uasset" 662
"C:/Users/Sebastien/Desktop/ICAN_Card_Game/ICAN-Card-Game/Content/Blueprint/BP_PlayedCardMat.uexp" 663
"../../../Engine/Plugins/Interchange/Runtime/Content/gltf/MaterialFunctions/MF_RotateV2.uasset" 664
"../../../Engine/Plugins/Interchange/Runtime/Content/gltf/MaterialFunctions/MF_RotateV2.uexp" 665
"../../../Engine/Plugins/Interchange/Runtime/Content/gltf/MaterialFunctions/MF_TransformUVs.uasset" 666
"../../../Engine/Plugins/Interchange/Runtime/Content/gltf/MaterialFunctions/MF_TransformUVs.uexp" 667
"../../../Engine/Plugins/Interchange/Runtime/Content/gltf/Textures/T_White_srgb.uasset" 668
"../../../Engine/Plugins/Interchange/Runtime/Content/gltf/Textures/T_White_srgb.uexp" 669
"../../../Engine/Plugins/Interchange/Runtime/Content/gltf/MaterialFunctions/MF_BaseColor.uasset" 670
"../../../Engine/Plugins/Interchange/Runtime/Content/gltf/MaterialFunctions/MF_BaseColor.uexp" 671
"../../../Engine/Plugins/Interchange/Runtime/Content/gltf/MaterialBodies/MF_Unlit_Body.uasset" 672
"../../../Engine/Plugins/Interchange/Runtime/Content/gltf/MaterialBodies/MF_Unlit_Body.uexp" 673
"../../../Engine/Plugins/Interchange/Runtime/Content/gltf/M_Unlit.uasset" 674
"../../../Engine/Plugins/Interchange/Runtime/Content/gltf/M_Unlit.uexp" 675
"../../../Engine/Plugins/Interchange/Runtime/Content/gltf/MaterialInstances/MI_Unlit_Opaque_DS.uasset" 676
"../../../Engine/Plugins/Interchange/Runtime/Content/gltf/MaterialInstances/MI_Unlit_Opaque_DS.uexp" 677
"../../../Engine/Plugins/Interchange/Runtime/Content/gltf/MaterialInstances/MI_Unlit_Opaque.uasset" 678
"../../../Engine/Plugins/Interchange/Runtime/Content/gltf/MaterialInstances/MI_Unlit_Opaque.uexp" 679
"../../../Engine/Plugins/Interchange/Runtime/Content/gltf/MaterialInstances/MI_Unlit_Mask_DS.uasset" 680
"../../../Engine/Plugins/Interchange/Runtime/Content/gltf/MaterialInstances/MI_Unlit_Mask_DS.uexp" 681
"../../../Engine/Plugins/Interchange/Runtime/Content/gltf/MaterialInstances/MI_Unlit_Mask.uasset" 682
"../../../Engine/Plugins/Interchange/Runtime/Content/gltf/MaterialInstances/MI_Unlit_Mask.uexp" 683
"../../../Engine/Plugins/Interchange/Runtime/Content/gltf/MaterialInstances/MI_Unlit_Blend_DS.uasset" 684
"../../../Engine/Plugins/Interchange/Runtime/Content/gltf/MaterialInstances/MI_Unlit_Blend_DS.uexp" 685
"../../../Engine/Plugins/Interchange/Runtime/Content/gltf/MaterialInstances/MI_Unlit_Blend.uasset" 686
"../../../Engine/Plugins/Interchange/Runtime/Content/gltf/MaterialInstances/MI_Unlit_Blend.uexp" 687
"../../../Engine/Plugins/Interchange/Runtime/Content/gltf/MaterialFunctions/MF_Iridescence.uasset" 688
"../../../Engine/Plugins/Interchange/Runtime/Content/gltf/MaterialFunctions/MF_Iridescence.uexp" 689
"../../../Engine/Plugins/Interchange/Runtime/Content/gltf/Textures/T_White_Linear.uasset" 690
"../../../Engine/Plugins/Interchange/Runtime/Content/gltf/Textures/T_White_Linear.uexp" 691
"../../../Engine/Plugins/Interchange/Runtime/Content/gltf/MaterialFunctions/MF_MetallicRoughness.uasset" 692
"../../../Engine/Plugins/Interchange/Runtime/Content/gltf/MaterialFunctions/MF_MetallicRoughness.uexp" 693
"../../../Engine/Plugins/Interchange/Runtime/Content/gltf/MaterialFunctions/MF_Transmission.uasset" 694
"../../../Engine/Plugins/Interchange/Runtime/Content/gltf/MaterialFunctions/MF_Transmission.uexp" 695
"../../../Engine/Plugins/Interchange/Runtime/Content/gltf/MaterialFunctions/MF_Occlusion.uasset" 696
"../../../Engine/Plugins/Interchange/Runtime/Content/gltf/MaterialFunctions/MF_Occlusion.uexp" 697
"../../../Engine/Plugins/Interchange/Runtime/Content/gltf/MaterialFunctions/MF_Specular.uasset" 698
"../../../Engine/Plugins/Interchange/Runtime/Content/gltf/MaterialFunctions/MF_Specular.uexp" 699
"../../../Engine/Plugins/Interchange/Runtime/Content/gltf/MaterialFunctions/MF_IOR.uasset" 700
"../../../Engine/Plugins/Interchange/Runtime/Content/gltf/MaterialFunctions/MF_IOR.uexp" 701
"../../../Engine/Plugins/Interchange/Runtime/Content/gltf/MaterialFunctions/MF_RotateNormals_TS.uasset" 702
"../../../Engine/Plugins/Interchange/Runtime/Content/gltf/MaterialFunctions/MF_RotateNormals_TS.uexp" 703
"../../../Engine/Plugins/Interchange/Runtime/Content/gltf/Textures/T_Generic_N.uasset" 704
"../../../Engine/Plugins/Interchange/Runtime/Content/gltf/Textures/T_Generic_N.uexp" 705
"../../../Engine/Plugins/Interchange/Runtime/Content/gltf/MaterialFunctions/MF_Normals.uasset" 706
"../../../Engine/Plugins/Interchange/Runtime/Content/gltf/MaterialFunctions/MF_Normals.uexp" 707
"../../../Engine/Plugins/Interchange/Runtime/Content/gltf/MaterialBodies/MF_Transmission_Body.uasset" 708
"../../../Engine/Plugins/Interchange/Runtime/Content/gltf/MaterialBodies/MF_Transmission_Body.uexp" 709
"../../../Engine/Plugins/Interchange/Runtime/Content/gltf/M_Transmission.uasset" 710
"../../../Engine/Plugins/Interchange/Runtime/Content/gltf/M_Transmission.uexp" 711
"../../../Engine/Plugins/Interchange/Runtime/Content/gltf/MaterialInstances/MI_Transmission_DS.uasset" 712
"../../../Engine/Plugins/Interchange/Runtime/Content/gltf/MaterialInstances/MI_Transmission_DS.uexp" 713
"../../../Engine/Plugins/Interchange/Runtime/Content/gltf/MaterialInstances/MI_Transmission.uasset" 714
"../../../Engine/Plugins/Interchange/Runtime/Content/gltf/MaterialInstances/MI_Transmission.uexp" 715
"../../../Engine/Plugins/Interchange/Runtime/Content/gltf/MaterialFunctions/MF_DiffuseSpecGloss.uasset" 716
"../../../Engine/Plugins/Interchange/Runtime/Content/gltf/MaterialFunctions/MF_DiffuseSpecGloss.uexp" 717
"../../../Engine/Content/Functions/Engine_MaterialFunctions02/Math/AddComponents.uasset" 718
"../../../Engine/Content/Functions/Engine_MaterialFunctions02/Math/AddComponents.uexp" 719
"../../../Engine/Plugins/Interchange/Runtime/Content/gltf/MaterialFunctions/MF_PerceivedBrightness.uasset" 720
"../../../Engine/Plugins/Interchange/Runtime/Content/gltf/MaterialFunctions/MF_PerceivedBrightness.uexp" 721
"../../../Engine/Plugins/Interchange/Runtime/Content/gltf/MaterialFunctions/MF_Emissive.uasset" 722
"../../../Engine/Plugins/Interchange/Runtime/Content/gltf/MaterialFunctions/MF_Emissive.uexp" 723
"../../../Engine/Plugins/Interchange/Runtime/Content/gltf/MaterialFunctions/MF_SpecGlossToMetalRoughness.uasset" 724
"../../../Engine/Plugins/Interchange/Runtime/Content/gltf/MaterialFunctions/MF_SpecGlossToMetalRoughness.uexp" 725
"../../../Engine/Plugins/Interchange/Runtime/Content/gltf/MaterialBodies/MF_SpecularGlossiness_Body.uasset" 726
"../../../Engine/Plugins/Interchange/Runtime/Content/gltf/MaterialBodies/MF_SpecularGlossiness_Body.uexp" 727
"../../../Engine/Plugins/Interchange/Runtime/Content/gltf/M_SpecularGlossiness.uasset" 728
"../../../Engine/Plugins/Interchange/Runtime/Content/gltf/M_SpecularGlossiness.uexp" 729
"../../../Engine/Plugins/Interchange/Runtime/Content/gltf/MaterialInstances/MI_SpecularGlossiness_Opaque_DS.uasset" 730
"../../../Engine/Plugins/Interchange/Runtime/Content/gltf/MaterialInstances/MI_SpecularGlossiness_Opaque_DS.uexp" 731
"../../../Engine/Plugins/Interchange/Runtime/Content/gltf/MaterialInstances/MI_SpecularGlossiness_Opaque.uasset" 732
"../../../Engine/Plugins/Interchange/Runtime/Content/gltf/MaterialInstances/MI_SpecularGlossiness_Opaque.uexp" 733
"../../../Engine/Plugins/Interchange/Runtime/Content/gltf/MaterialInstances/MI_SpecularGlossiness_Mask_DS.uasset" 734
"../../../Engine/Plugins/Interchange/Runtime/Content/gltf/MaterialInstances/MI_SpecularGlossiness_Mask_DS.uexp" 735
"../../../Engine/Plugins/Interchange/Runtime/Content/gltf/MaterialInstances/MI_SpecularGlossiness_Mask.uasset" 736
"../../../Engine/Plugins/Interchange/Runtime/Content/gltf/MaterialInstances/MI_SpecularGlossiness_Mask.uexp" 737
"../../../Engine/Plugins/Interchange/Runtime/Content/gltf/MaterialInstances/MI_SpecularGlossiness_Blend_DS.uasset" 738
"../../../Engine/Plugins/Interchange/Runtime/Content/gltf/MaterialInstances/MI_SpecularGlossiness_Blend_DS.uexp" 739
"../../../Engine/Plugins/Interchange/Runtime/Content/gltf/MaterialInstances/MI_SpecularGlossiness_Blend.uasset" 740
"../../../Engine/Plugins/Interchange/Runtime/Content/gltf/MaterialInstances/MI_SpecularGlossiness_Blend.uexp" 741
"../../../Engine/Plugins/Interchange/Runtime/Content/gltf/MaterialFunctions/MF_Sheen.uasset" 742
"../../../Engine/Plugins/Interchange/Runtime/Content/gltf/MaterialFunctions/MF_Sheen.uexp" 743
"../../../Engine/Plugins/Interchange/Runtime/Content/gltf/MaterialBodies/MF_Sheen_Body.uasset" 744
"../../../Engine/Plugins/Interchange/Runtime/Content/gltf/MaterialBodies/MF_Sheen_Body.uexp" 745
"../../../Engine/Plugins/Interchange/Runtime/Content/gltf/M_Sheen.uasset" 746
"../../../Engine/Plugins/Interchange/Runtime/Content/gltf/M_Sheen.uexp" 747
"../../../Engine/Plugins/Interchange/Runtime/Content/gltf/MaterialInstances/MI_Sheen_Opaque_DS.uasset" 748
"../../../Engine/Plugins/Interchange/Runtime/Content/gltf/MaterialInstances/MI_Sheen_Opaque_DS.uexp" 749
"../../../Engine/Plugins/Interchange/Runtime/Content/gltf/MaterialInstances/MI_Sheen_Opaque.uasset" 750
"../../../Engine/Plugins/Interchange/Runtime/Content/gltf/MaterialInstances/MI_Sheen_Opaque.uexp" 751
"../../../Engine/Plugins/Interchange/Runtime/Content/gltf/MaterialInstances/MI_Sheen_Mask_DS.uasset" 752
"../../../Engine/Plugins/Interchange/Runtime/Content/gltf/MaterialInstances/MI_Sheen_Mask_DS.uexp" 753
"../../../Engine/Plugins/Interchange/Runtime/Content/gltf/MaterialInstances/MI_Sheen_Mask.uasset" 754
"../../../Engine/Plugins/Interchange/Runtime/Content/gltf/MaterialInstances/MI_Sheen_Mask.uexp" 755
"../../../Engine/Plugins/Interchange/Runtime/Content/gltf/MaterialInstances/MI_Sheen_Blend_DS.uasset" 756
"../../../Engine/Plugins/Interchange/Runtime/Content/gltf/MaterialInstances/MI_Sheen_Blend_DS.uexp" 757
"../../../Engine/Plugins/Interchange/Runtime/Content/gltf/MaterialInstances/MI_Sheen_Blend.uasset" 758
"../../../Engine/Plugins/Interchange/Runtime/Content/gltf/MaterialInstances/MI_Sheen_Blend.uexp" 759
"../../../Engine/Plugins/Interchange/Runtime/Content/gltf/MaterialBodies/MF_Default_Body.uasset" 760
"../../../Engine/Plugins/Interchange/Runtime/Content/gltf/MaterialBodies/MF_Default_Body.uexp" 761
"../../../Engine/Plugins/Interchange/Runtime/Content/gltf/M_Default.uasset" 762
"../../../Engine/Plugins/Interchange/Runtime/Content/gltf/M_Default.uexp" 763
"../../../Engine/Plugins/Interchange/Runtime/Content/gltf/MaterialInstances/MI_Default_Opaque_DS.uasset" 764
"../../../Engine/Plugins/Interchange/Runtime/Content/gltf/MaterialInstances/MI_Default_Opaque_DS.uexp" 765
"../../../Engine/Plugins/Interchange/Runtime/Content/gltf/MaterialInstances/MI_Default_Opaque.uasset" 766
"../../../Engine/Plugins/Interchange/Runtime/Content/gltf/MaterialInstances/MI_Default_Opaque.uexp" 767
"../../../Engine/Plugins/Interchange/Runtime/Content/gltf/MaterialInstances/MI_Default_Mask_DS.uasset" 768
"../../../Engine/Plugins/Interchange/Runtime/Content/gltf/MaterialInstances/MI_Default_Mask_DS.uexp" 769
"../../../Engine/Plugins/Interchange/Runtime/Content/gltf/MaterialInstances/MI_Default_Mask.uasset" 770
"../../../Engine/Plugins/Interchange/Runtime/Content/gltf/MaterialInstances/MI_Default_Mask.uexp" 771
"../../../Engine/Plugins/Interchange/Runtime/Content/gltf/MaterialInstances/MI_Default_Blend_DS.uasset" 772
"../../../Engine/Plugins/Interchange/Runtime/Content/gltf/MaterialInstances/MI_Default_Blend_DS.uexp" 773
"../../../Engine/Plugins/Interchange/Runtime/Content/gltf/MaterialInstances/MI_Default_Blend.uasset" 774
"../../../Engine/Plugins/Interchange/Runtime/Content/gltf/MaterialInstances/MI_Default_Blend.uexp" 775
"../../../Engine/Content/Functions/Engine_MaterialFunctions01/Texturing/FlattenNormal.uasset" 776
"../../../Engine/Content/Functions/Engine_MaterialFunctions01/Texturing/FlattenNormal.uexp" 777
"../../../Engine/Plugins/Interchange/Runtime/Content/gltf/MaterialFunctions/MF_Clearcoat.uasset" 778
"../../../Engine/Plugins/Interchange/Runtime/Content/gltf/MaterialFunctions/MF_Clearcoat.uexp" 779
"../../../Engine/Plugins/Interchange/Runtime/Content/gltf/MaterialBodies/MF_ClearCoat_Body.uasset" 780
"../../../Engine/Plugins/Interchange/Runtime/Content/gltf/MaterialBodies/MF_ClearCoat_Body.uexp" 781
"../../../Engine/Plugins/Interchange/Runtime/Content/gltf/M_ClearCoat.uasset" 782
"../../../Engine/Plugins/Interchange/Runtime/Content/gltf/M_ClearCoat.uexp" 783
"../../../Engine/Plugins/Interchange/Runtime/Content/gltf/MaterialInstances/MI_ClearCoat_Opaque_DS.uasset" 784
"../../../Engine/Plugins/Interchange/Runtime/Content/gltf/MaterialInstances/MI_ClearCoat_Opaque_DS.uexp" 785
"../../../Engine/Plugins/Interchange/Runtime/Content/gltf/MaterialInstances/MI_ClearCoat_Opaque.uasset" 786
"../../../Engine/Plugins/Interchange/Runtime/Content/gltf/MaterialInstances/MI_ClearCoat_Opaque.uexp" 787
"../../../Engine/Plugins/Interchange/Runtime/Content/gltf/MaterialInstances/MI_ClearCoat_Mask_DS.uasset" 788
"../../../Engine/Plugins/Interchange/Runtime/Content/gltf/MaterialInstances/MI_ClearCoat_Mask_DS.uexp" 789
"../../../Engine/Plugins/Interchange/Runtime/Content/gltf/MaterialInstances/MI_ClearCoat_Mask.uasset" 790
"../../../Engine/Plugins/Interchange/Runtime/Content/gltf/MaterialInstances/MI_ClearCoat_Mask.uexp" 791
"../../../Engine/Plugins/Interchange/Runtime/Content/gltf/MaterialInstances/MI_ClearCoat_Blend_DS.uasset" 792
"../../../Engine/Plugins/Interchange/Runtime/Content/gltf/MaterialInstances/MI_ClearCoat_Blend_DS.uexp" 793
"../../../Engine/Plugins/Interchange/Runtime/Content/gltf/MaterialInstances/MI_ClearCoat_Blend.uasset" 794
"../../../Engine/Plugins/Interchange/Runtime/Content/gltf/MaterialInstances/MI_ClearCoat_Blend.uexp" 795
"../../../Engine/Content/MobileResources/HUD/VirtualJoystick_Background.uasset" 796
"../../../Engine/Content/MobileResources/HUD/VirtualJoystick_Background.uexp" 797
"../../../Engine/Content/MobileResources/HUD/VirtualJoystick_Thumb.uasset" 798
"../../../Engine/Content/MobileResources/HUD/VirtualJoystick_Thumb.uexp" 799
"../../../Engine/Content/MobileResources/HUD/DefaultVirtualJoysticks.uasset" 800
"../../../Engine/Content/MobileResources/HUD/DefaultVirtualJoysticks.uexp" 801
"../../../Engine/Content/EngineSky/VolumetricClouds/CloudWeatherTexture.uasset" 802
"../../../Engine/Content/EngineSky/VolumetricClouds/CloudWeatherTexture.uexp" 803
"../../../Engine/Content/Functions/Engine_MaterialFunctions02/Utility/MakeFloat2.uasset" 804
"../../../Engine/Content/Functions/Engine_MaterialFunctions02/Utility/MakeFloat2.uexp" 805
"../../../Engine/Content/EngineSky/VolumetricClouds/CloudGradientTexture.uasset" 806
"../../../Engine/Content/EngineSky/VolumetricClouds/CloudGradientTexture.uexp" 807
"../../../Engine/Content/EngineSky/VolumetricClouds/T_NoiseShape64.ubulk" 808
"../../../Engine/Content/EngineSky/VolumetricClouds/T_NoiseShape64.uasset" 809
"../../../Engine/Content/EngineSky/VolumetricClouds/T_NoiseShape64.uexp" 810
"../../../Engine/Content/EngineSky/VolumetricClouds/T_VolumeNoiseShape64.uasset" 811
"../../../Engine/Content/EngineSky/VolumetricClouds/T_VolumeNoiseShape64.uexp" 812
"../../../Engine/Content/EngineSky/VolumetricClouds/T_NoiseErosion.ubulk" 813
"../../../Engine/Content/EngineSky/VolumetricClouds/T_NoiseErosion.uasset" 814
"../../../Engine/Content/EngineSky/VolumetricClouds/T_NoiseErosion.uexp" 815
"../../../Engine/Content/EngineSky/VolumetricClouds/T_VolumeNoiseErosion32.uasset" 816
"../../../Engine/Content/EngineSky/VolumetricClouds/T_VolumeNoiseErosion32.uexp" 817
"../../../Engine/Content/EngineSky/VolumetricClouds/m_SimpleVolumetricCloud.uasset" 818
"../../../Engine/Content/EngineSky/VolumetricClouds/m_SimpleVolumetricCloud.uexp" 819
"../../../Engine/Content/EngineSky/VolumetricClouds/m_SimpleVolumetricCloud_Inst.uasset" 820
"../../../Engine/Content/EngineSky/VolumetricClouds/m_SimpleVolumetricCloud_Inst.uexp" 821
"../../../Engine/Content/EngineResources/FilmGrains/Marcie_Grain_v3_128_M2_000.uasset" 822
"../../../Engine/Content/EngineResources/FilmGrains/Marcie_Grain_v3_128_M2_000.uexp" 823
"../../../Engine/Content/EditorResources/SequenceRecorder/RecordingIndicator.uasset" 824
"../../../Engine/Content/EditorResources/SequenceRecorder/RecordingIndicator.uexp" 825
"../../../Engine/Content/EditorResources/SequenceRecorder/Countdown.uasset" 826
"../../../Engine/Content/EditorResources/SequenceRecorder/Countdown.uexp" 827
"../../../Engine/Content/EditorMaterials/Dataflow/DataflowVertexMaterial.uasset" 828
"../../../Engine/Content/EditorMaterials/Dataflow/DataflowVertexMaterial.uexp" 829
"C:/Users/Sebastien/Desktop/ICAN_Card_Game/ICAN-Card-Game/Content/Visuals/Fonts/Dinofont.uasset" 830
"C:/Users/Sebastien/Desktop/ICAN_Card_Game/ICAN-Card-Game/Content/Visuals/Fonts/Dinofont.uexp" 831
"C:/Users/Sebastien/Desktop/ICAN_Card_Game/ICAN-Card-Game/Content/Input/IA_Select.uasset" 832
"C:/Users/Sebastien/Desktop/ICAN_Card_Game/ICAN-Card-Game/Content/Input/IA_Select.uexp" 833
"C:/Users/Sebastien/Desktop/ICAN_Card_Game/ICAN-Card-Game/Content/Input/IMC_CardInputMap.uasset" 834
"C:/Users/Sebastien/Desktop/ICAN_Card_Game/ICAN-Card-Game/Content/Input/IMC_CardInputMap.uexp" 835
"C:/Users/Sebastien/Desktop/ICAN_Card_Game/ICAN-Card-Game/Content/Blueprint/Controller/BP_CardPlayer.uasset" 836
"C:/Users/Sebastien/Desktop/ICAN_Card_Game/ICAN-Card-Game/Content/Blueprint/Controller/BP_CardPlayer.uexp" 837
"C:/Users/Sebastien/Desktop/ICAN_Card_Game/ICAN-Card-Game/Content/Blueprint/Controller/BP_CardController.uasset" 838
"C:/Users/Sebastien/Desktop/ICAN_Card_Game/ICAN-Card-Game/Content/Blueprint/Controller/BP_CardController.uexp" 839
"C:/Users/Sebastien/Desktop/ICAN_Card_Game/ICAN-Card-Game/Content/Blueprint/Controller/BP_CardMode.uasset" 840
"C:/Users/Sebastien/Desktop/ICAN_Card_Game/ICAN-Card-Game/Content/Blueprint/Controller/BP_CardMode.uexp" 841
"../../../Engine/Content/BasicShapes/Plane.ubulk" 842
"../../../Engine/Content/BasicShapes/Plane.uasset" 843
"../../../Engine/Content/BasicShapes/Plane.uexp" 844
"C:/Users/Sebastien/Desktop/ICAN_Card_Game/ICAN-Card-Game/Content/Visuals/Materials/Cards/M_StandardCardMat.uasset" 845
"C:/Users/Sebastien/Desktop/ICAN_Card_Game/ICAN-Card-Game/Content/Visuals/Materials/Cards/M_StandardCardMat.uexp" 846
"C:/Users/Sebastien/Desktop/ICAN_Card_Game/ICAN-Card-Game/Content/Visuals/Fonts/Dinofont_Font.uasset" 847
"C:/Users/Sebastien/Desktop/ICAN_Card_Game/ICAN-Card-Game/Content/Visuals/Fonts/Dinofont_Font.uexp" 848
"C:/Users/Sebastien/Desktop/ICAN_Card_Game/ICAN-Card-Game/Content/Visuals/Fonts/DefaultTextMaterialOpaque_Dino.uasset" 849
"C:/Users/Sebastien/Desktop/ICAN_Card_Game/ICAN-Card-Game/Content/Visuals/Fonts/DefaultTextMaterialOpaque_Dino.uexp" 850
"C:/Users/Sebastien/Desktop/ICAN_Card_Game/ICAN-Card-Game/Content/Visuals/Materials/Cards/Icon/Textures/Fire_Icon.uasset" 851
"C:/Users/Sebastien/Desktop/ICAN_Card_Game/ICAN-Card-Game/Content/Visuals/Materials/Cards/Icon/Textures/Fire_Icon.uexp" 852
"../../../Engine/Content/Functions/Engine_MaterialFunctions02/Texturing/CustomRotator.uasset" 853
"../../../Engine/Content/Functions/Engine_MaterialFunctions02/Texturing/CustomRotator.uexp" 854
"../../../Engine/Content/EngineResources/DefaultTexture.ubulk" 855
"../../../Engine/Content/EngineResources/DefaultTexture.uasset" 856
"../../../Engine/Content/EngineResources/DefaultTexture.uexp" 857
"C:/Users/Sebastien/Desktop/ICAN_Card_Game/ICAN-Card-Game/Content/Visuals/Materials/Cards/Icon/M_Icon.uasset" 858
"C:/Users/Sebastien/Desktop/ICAN_Card_Game/ICAN-Card-Game/Content/Visuals/Materials/Cards/Icon/M_Icon.uexp" 859
"C:/Users/Sebastien/Desktop/ICAN_Card_Game/ICAN-Card-Game/Content/Visuals/Materials/Cards/Icon/M_Icon_Fire.uasset" 860
"C:/Users/Sebastien/Desktop/ICAN_Card_Game/ICAN-Card-Game/Content/Visuals/Materials/Cards/Icon/M_Icon_Fire.uexp" 861
"C:/Users/Sebastien/Desktop/ICAN_Card_Game/ICAN-Card-Game/Content/Blueprint/Cards/BP_StandardCard.uasset" 862
"C:/Users/Sebastien/Desktop/ICAN_Card_Game/ICAN-Card-Game/Content/Blueprint/Cards/BP_StandardCard.uexp" 863
"C:/Users/Sebastien/Desktop/ICAN_Card_Game/ICAN-Card-Game/Content/Blueprint/Cards/BP_Truc_Card.uasset" 864
"C:/Users/Sebastien/Desktop/ICAN_Card_Game/ICAN-Card-Game/Content/Blueprint/Cards/BP_Truc_Card.uexp" 865
"C:/Users/Sebastien/Desktop/ICAN_Card_Game/ICAN-Card-Game/Content/Visuals/Textures/Cards/T_Crd_Flame_albd.ubulk" 866
"C:/Users/Sebastien/Desktop/ICAN_Card_Game/ICAN-Card-Game/Content/Visuals/Textures/Cards/T_Crd_Flame_albd.uasset" 867
"C:/Users/Sebastien/Desktop/ICAN_Card_Game/ICAN-Card-Game/Content/Visuals/Textures/Cards/T_Crd_Flame_albd.uexp" 868
"C:/Users/Sebastien/Desktop/ICAN_Card_Game/ICAN-Card-Game/Content/Visuals/Materials/Cards/M_Textured_Card.uasset" 869
"C:/Users/Sebastien/Desktop/ICAN_Card_Game/ICAN-Card-Game/Content/Visuals/Materials/Cards/M_Textured_Card.uexp" 870
"C:/Users/Sebastien/Desktop/ICAN_Card_Game/ICAN-Card-Game/Content/Visuals/Materials/Cards/MI_Textured_Card_Flame.uasset" 871
"C:/Users/Sebastien/Desktop/ICAN_Card_Game/ICAN-Card-Game/Content/Visuals/Materials/Cards/MI_Textured_Card_Flame.uexp" 872
"C:/Users/Sebastien/Desktop/ICAN_Card_Game/ICAN-Card-Game/Content/Blueprint/Cards/BP_Fire_Card_test.uasset" 873
"C:/Users/Sebastien/Desktop/ICAN_Card_Game/ICAN-Card-Game/Content/Blueprint/Cards/BP_Fire_Card_test.uexp" 874
"../../../Engine/Content/EngineMaterials/Substrate/Volume/SubstrateSimpleVolumeLUT3D.uasset" 875
"../../../Engine/Content/EngineMaterials/Substrate/Volume/SubstrateSimpleVolumeLUT3D.uexp" 876
"../../../Engine/Content/EngineMaterials/Substrate/Volume/SubstrateSimpleVolumeEnvLUT3D.uasset" 877
"../../../Engine/Content/EngineMaterials/Substrate/Volume/SubstrateSimpleVolumeEnvLUT3D.uexp" 878
"../../../Engine/Content/EngineMaterials/Substrate/GLints2/AGlintTex2dArray2.uasset" 879
"../../../Engine/Content/EngineMaterials/Substrate/GLints2/AGlintTex2dArray2.uexp" 880
"../../../Engine/Content/Functions/Engine_MaterialFunctions01/Shading/PowerToRoughness.uasset" 881
"../../../Engine/Content/Functions/Engine_MaterialFunctions01/Shading/PowerToRoughness.uexp" 882
"../../../Engine/Content/Functions/Engine_MaterialFunctions01/Shading/ConvertFromDiffSpec.uasset" 883
"../../../Engine/Content/Functions/Engine_MaterialFunctions01/Shading/ConvertFromDiffSpec.uexp" 884
"../../../Engine/Content/EngineMaterials/Substrate/GLints/AGlintTex2dArray.uasset" 885
"../../../Engine/Content/EngineMaterials/Substrate/GLints/AGlintTex2dArray.uexp" 886
"C:/Users/Sebastien/Desktop/ICAN_Card_Game/ICAN-Card-Game/Content/Visuals/Materials/Cards/M_BlackMat.uasset" 887
"C:/Users/Sebastien/Desktop/ICAN_Card_Game/ICAN-Card-Game/Content/Visuals/Materials/Cards/M_BlackMat.uexp" 888
"C:/Users/Sebastien/Desktop/ICAN_Card_Game/ICAN-Card-Game/Content/Blueprint/Score/Bonus/BP_AddCardNumAsValue.uasset" 889
"C:/Users/Sebastien/Desktop/ICAN_Card_Game/ICAN-Card-Game/Content/Blueprint/Score/Bonus/BP_AddCardNumAsValue.uexp" 890
"C:/Users/Sebastien/Desktop/ICAN_Card_Game/ICAN-Card-Game/Content/Blueprint/Score/Rules/BP_Always_True.uasset" 891
"C:/Users/Sebastien/Desktop/ICAN_Card_Game/ICAN-Card-Game/Content/Blueprint/Score/Rules/BP_Always_True.uexp" 892
"C:/Users/Sebastien/Desktop/ICAN_Card_Game/ICAN-Card-Game/Content/Blueprint/Score/Rules/BP_Always_False.uasset" 893
"C:/Users/Sebastien/Desktop/ICAN_Card_Game/ICAN-Card-Game/Content/Blueprint/Score/Rules/BP_Always_False.uexp" 894
"C:/Users/Sebastien/Desktop/ICAN_Card_Game/ICAN-Card-Game/Content/Blueprint/Score/Bonus/BP_NullBonus.uasset" 895
"C:/Users/Sebastien/Desktop/ICAN_Card_Game/ICAN-Card-Game/Content/Blueprint/Score/Bonus/BP_NullBonus.uexp" 896
"../../../Engine/Content/Maps/Entry_BuiltData.uasset" 897
"../../../Engine/Content/Maps/Entry_BuiltData.uexp" 898
"../../../Engine/Content/Maps/Entry.uexp" 899
"../../../Engine/Content/Maps/Entry.umap" 900
"../../../Engine/Content/EngineMaterials/BlendFunc_DefBlend.uasset" 901
"../../../Engine/Content/EngineMaterials/BlendFunc_DefBlend.uexp" 902
"../../../Engine/Content/OpenWorldTemplate/LandscapeMaterial/T_GridChecker_A.ubulk" 903
"../../../Engine/Content/OpenWorldTemplate/LandscapeMaterial/T_GridChecker_A.uasset" 904
"../../../Engine/Content/OpenWorldTemplate/LandscapeMaterial/T_GridChecker_A.uexp" 905
"../../../Engine/Content/EngineMaterials/BlendFunc_DefBase.uasset" 906
"../../../Engine/Content/EngineMaterials/BlendFunc_DefBase.uexp" 907
"../../../Engine/Content/Functions/Engine_MaterialFunctions03/Blends/Blend_Overlay.uasset" 908
"../../../Engine/Content/Functions/Engine_MaterialFunctions03/Blends/Blend_Overlay.uexp" 909
"../../../Engine/Content/Functions/Engine_MaterialFunctions01/Gradient/LinearGradient.uasset" 910
"../../../Engine/Content/Functions/Engine_MaterialFunctions01/Gradient/LinearGradient.uexp" 911
"../../../Engine/Content/Functions/Engine_MaterialFunctions01/ImageAdjustment/CheapContrast.uasset" 912
"../../../Engine/Content/Functions/Engine_MaterialFunctions01/ImageAdjustment/CheapContrast.uexp" 913
"../../../Engine/Content/OpenWorldTemplate/LandscapeMaterial/MF_ProcGrid.uasset" 914
"../../../Engine/Content/OpenWorldTemplate/LandscapeMaterial/MF_ProcGrid.uexp" 915
"../../../Engine/Content/OpenWorldTemplate/LandscapeMaterial/M_ProcGrid.uasset" 916
"../../../Engine/Content/OpenWorldTemplate/LandscapeMaterial/M_ProcGrid.uexp" 917
"../../../Engine/Content/OpenWorldTemplate/LandscapeMaterial/MI_ProcGrid.uasset" 918
"../../../Engine/Content/OpenWorldTemplate/LandscapeMaterial/MI_ProcGrid.uexp" 919
"C:/Users/Sebastien/Desktop/ICAN_Card_Game/ICAN-Card-Game/Content/Visuals/Materials/MI_CardGhostDefault.uasset" 920
"C:/Users/Sebastien/Desktop/ICAN_Card_Game/ICAN-Card-Game/Content/Visuals/Materials/MI_CardGhostDefault.uexp" 921
"C:/Users/Sebastien/Desktop/ICAN_Card_Game/ICAN-Card-Game/Content/Blueprint/BP_Hand.uasset" 922
"C:/Users/Sebastien/Desktop/ICAN_Card_Game/ICAN-Card-Game/Content/Blueprint/BP_Hand.uexp" 923
"../../../Engine/Content/EngineSky/T_Sky_Stars.ubulk" 924
"../../../Engine/Content/EngineSky/T_Sky_Stars.uasset" 925
"../../../Engine/Content/EngineSky/T_Sky_Stars.uexp" 926
"../../../Engine/Content/EngineSky/T_Sky_Clouds_M.ubulk" 927
"../../../Engine/Content/EngineSky/T_Sky_Clouds_M.uasset" 928
"../../../Engine/Content/EngineSky/T_Sky_Clouds_M.uexp" 929
"../../../Engine/Content/EngineSky/T_Sky_Blue.ubulk" 930
"../../../Engine/Content/EngineSky/T_Sky_Blue.uasset" 931
"../../../Engine/Content/EngineSky/T_Sky_Blue.uexp" 932
"../../../Engine/Content/EngineSky/M_Sky_Panning_Clouds2.uasset" 933
"../../../Engine/Content/EngineSky/M_Sky_Panning_Clouds2.uexp" 934
"../../../Engine/Content/EngineSky/SM_SkySphere.ubulk" 935
"../../../Engine/Content/EngineSky/SM_SkySphere.uasset" 936
"../../../Engine/Content/EngineSky/SM_SkySphere.uexp" 937
"../../../Engine/Content/MapTemplates/SM_Template_Map_Floor.ubulk" 938
"../../../Engine/Content/MapTemplates/SM_Template_Map_Floor.uasset" 939
"../../../Engine/Content/MapTemplates/SM_Template_Map_Floor.uexp" 940
"C:/Users/Sebastien/Desktop/ICAN_Card_Game/ICAN-Card-Game/Content/Fonts/FF_Dinofont.uexp" 941
"C:/Users/Sebastien/Desktop/ICAN_Card_Game/ICAN-Card-Game/Content/Fonts/FF_Dinofont.uasset" 942
"C:/Users/Sebastien/Desktop/ICAN_Card_Game/ICAN-Card-Game/Content/Fonts/FF_Dinofont.ufont" 943
"C:/Users/Sebastien/Desktop/ICAN_Card_Game/ICAN-Card-Game/Content/Fonts/F_Dinofont.uasset" 944
"C:/Users/Sebastien/Desktop/ICAN_Card_Game/ICAN-Card-Game/Content/Fonts/F_Dinofont.uexp" 945
"C:/Users/Sebastien/Desktop/ICAN_Card_Game/ICAN-Card-Game/Content/Blueprint/Widget/WBP_Test.uasset" 946
"C:/Users/Sebastien/Desktop/ICAN_Card_Game/ICAN-Card-Game/Content/Blueprint/Widget/WBP_Test.uexp" 947
"C:/Users/Sebastien/Desktop/ICAN_Card_Game/ICAN-Card-Game/Content/Visuals/Meshes/SM_Cube.ubulk" 948
"C:/Users/Sebastien/Desktop/ICAN_Card_Game/ICAN-Card-Game/Content/Visuals/Meshes/SM_Cube.uasset" 949
"C:/Users/Sebastien/Desktop/ICAN_Card_Game/ICAN-Card-Game/Content/Visuals/Meshes/SM_Cube.uexp" 950
"C:/Users/Sebastien/Desktop/ICAN_Card_Game/ICAN-Card-Game/Content/Visuals/Materials/M_DeckMat.uasset" 951
"C:/Users/Sebastien/Desktop/ICAN_Card_Game/ICAN-Card-Game/Content/Visuals/Materials/M_DeckMat.uexp" 952
"C:/Users/Sebastien/Desktop/ICAN_Card_Game/ICAN-Card-Game/Content/Visuals/Materials/MI_DiscardDeckMat.uasset" 953
"C:/Users/Sebastien/Desktop/ICAN_Card_Game/ICAN-Card-Game/Content/Visuals/Materials/MI_DiscardDeckMat.uexp" 954
"C:/Users/Sebastien/Desktop/ICAN_Card_Game/ICAN-Card-Game/Content/Blueprint/BP_DiscardedDeck.uasset" 955
"C:/Users/Sebastien/Desktop/ICAN_Card_Game/ICAN-Card-Game/Content/Blueprint/BP_DiscardedDeck.uexp" 956
"C:/Users/Sebastien/Desktop/ICAN_Card_Game/ICAN-Card-Game/Content/Blueprint/Score/Operands/BP_Addition.uasset" 957
"C:/Users/Sebastien/Desktop/ICAN_Card_Game/ICAN-Card-Game/Content/Blueprint/Score/Operands/BP_Addition.uexp" 958
"C:/Users/Sebastien/Desktop/ICAN_Card_Game/ICAN-Card-Game/Content/Blueprint/BP_Deck.uasset" 959
"C:/Users/Sebastien/Desktop/ICAN_Card_Game/ICAN-Card-Game/Content/Blueprint/BP_Deck.uexp" 960
"C:/Users/Sebastien/Desktop/ICAN_Card_Game/ICAN-Card-Game/Content/Blueprint/BP_ScoreCalculator.uasset" 961
"C:/Users/Sebastien/Desktop/ICAN_Card_Game/ICAN-Card-Game/Content/Blueprint/BP_ScoreCalculator.uexp" 962
"C:/Users/Sebastien/Desktop/ICAN_Card_Game/ICAN-Card-Game/Content/Visuals/Materials/Cards/Icon/Textures/Water_Icon.uasset" 963
"C:/Users/Sebastien/Desktop/ICAN_Card_Game/ICAN-Card-Game/Content/Visuals/Materials/Cards/Icon/Textures/Water_Icon.uexp" 964
"C:/Users/Sebastien/Desktop/ICAN_Card_Game/ICAN-Card-Game/Content/Visuals/Materials/Cards/Icon/M_Icon_Water.uasset" 965
"C:/Users/Sebastien/Desktop/ICAN_Card_Game/ICAN-Card-Game/Content/Visuals/Materials/Cards/Icon/M_Icon_Water.uexp" 966
"C:/Users/Sebastien/Desktop/ICAN_Card_Game/ICAN-Card-Game/Content/Visuals/Materials/Cards/MI_BlueCard.uasset" 967
"C:/Users/Sebastien/Desktop/ICAN_Card_Game/ICAN-Card-Game/Content/Visuals/Materials/Cards/MI_BlueCard.uexp" 968
"C:/Users/Sebastien/Desktop/ICAN_Card_Game/ICAN-Card-Game/Content/Blueprint/Cards/BP_BlueCard.uasset" 969
"C:/Users/Sebastien/Desktop/ICAN_Card_Game/ICAN-Card-Game/Content/Blueprint/Cards/BP_BlueCard.uexp" 970
"../../../Engine/Content/EngineSky/M_SimpleSkyDome.uasset" 971
"../../../Engine/Content/EngineSky/M_SimpleSkyDome.uexp" 972
"C:/Users/Sebastien/Desktop/ICAN_Card_Game/ICAN-Card-Game/Content/Blueprint/Cards/BP_Fire_Card.uasset" 973
"C:/Users/Sebastien/Desktop/ICAN_Card_Game/ICAN-Card-Game/Content/Blueprint/Cards/BP_Fire_Card.uexp" 974
"C:/Users/Sebastien/Desktop/ICAN_Card_Game/ICAN-Card-Game/Content/Blueprint/Score/Bonus/BP_RandomBonus.uasset" 975
"C:/Users/Sebastien/Desktop/ICAN_Card_Game/ICAN-Card-Game/Content/Blueprint/Score/Bonus/BP_RandomBonus.uexp" 976
"C:/Users/Sebastien/Desktop/ICAN_Card_Game/ICAN-Card-Game/Content/Maps/FirstSceneLevel.uexp" 977
"C:/Users/Sebastien/Desktop/ICAN_Card_Game/ICAN-Card-Game/Content/Maps/FirstSceneLevel.umap" 978
